TN:
SF:src/proxy.ts
FN:4,proxy
FN:12,getAll
FN:15,setAll
FN:16,(anonymous_3)
FN:20,(anonymous_4)
FNF:5
FNH:0
FNDA:0,proxy
FNDA:0,getAll
FNDA:0,setAll
FNDA:0,(anonymous_3)
FNDA:0,(anonymous_4)
DA:5,0
DA:7,0
DA:13,0
DA:16,0
DA:17,0
DA:19,0
DA:20,0
DA:21,0
DA:31,0
DA:35,0
DA:37,0
DA:40,0
DA:41,0
DA:42,0
DA:43,0
DA:46,0
DA:49,0
LF:17
LH:0
BRDA:37,0,0,0
BRDA:37,0,1,0
BRDA:40,1,0,0
BRDA:40,1,1,0
BRDA:40,2,0,0
BRDA:40,2,1,0
BRF:6
BRH:0
end_of_record
TN:
SF:src/sw.ts
FNF:0
FNH:0
DA:13,0
DA:21,0
LF:2
LH:0
BRF:0
BRH:0
end_of_record
TN:
SF:src/app/layout.tsx
FN:21,RootLayout
FNF:1
FNH:0
FNDA:0,RootLayout
DA:5,0
DA:10,0
DA:15,0
DA:26,0
LF:4
LH:0
BRF:0
BRH:0
end_of_record
TN:
SF:src/app/manifest.ts
FN:3,manifest
FNF:1
FNH:0
FNDA:0,manifest
DA:4,0
LF:1
LH:0
BRF:0
BRH:0
end_of_record
TN:
SF:src/app/page.tsx
FN:3,Home
FNF:1
FNH:0
FNDA:0,Home
DA:4,0
LF:1
LH:0
BRF:0
BRH:0
end_of_record
TN:
SF:src/app/(app)/layout.tsx
FN:4,ForestLayout
FNF:1
FNH:0
FNDA:0,ForestLayout
DA:9,0
LF:1
LH:0
BRF:0
BRH:0
end_of_record
TN:
SF:src/app/(app)/dashboard/page.tsx
FN:4,DashboardPage
FNF:1
FNH:0
FNDA:0,DashboardPage
DA:5,0
LF:1
LH:0
BRF:0
BRH:0
end_of_record
TN:
SF:src/app/(app)/forest/[id]/page.tsx
FN:3,ForestPage
FNF:1
FNH:0
FNDA:0,ForestPage
DA:8,0
DA:9,0
LF:2
LH:0
BRF:0
BRH:0
end_of_record
TN:
SF:src/app/(app)/forest/new/page.tsx
FN:20,NewForestPage
FN:38,handleFileSelect
FN:47,(anonymous_2)
FN:69,(anonymous_3)
FN:77,handleApiSubmit
FN:83,(anonymous_5)
FN:104,(anonymous_6)
FN:115,handleCsvSubmit
FN:123,(anonymous_8)
FN:126,(anonymous_9)
FN:149,(anonymous_10)
FN:170,(anonymous_11)
FN:180,(anonymous_12)
FN:215,(anonymous_13)
FN:263,(anonymous_14)
FNF:15
FNH:0
FNDA:0,NewForestPage
FNDA:0,handleFileSelect
FNDA:0,(anonymous_2)
FNDA:0,(anonymous_3)
FNDA:0,handleApiSubmit
FNDA:0,(anonymous_5)
FNDA:0,(anonymous_6)
FNDA:0,handleCsvSubmit
FNDA:0,(anonymous_8)
FNDA:0,(anonymous_9)
FNDA:0,(anonymous_10)
FNDA:0,(anonymous_11)
FNDA:0,(anonymous_12)
FNDA:0,(anonymous_13)
FNDA:0,(anonymous_14)
DA:1,0
DA:21,0
DA:22,0
DA:23,0
DA:24,0
DA:25,0
DA:26,0
DA:29,0
DA:30,0
DA:35,0
DA:39,0
DA:40,0
DA:41,0
DA:43,0
DA:46,0
DA:47,0
DA:48,0
DA:49,0
DA:56,0
DA:58,0
DA:59,0
DA:60,0
DA:61,0
DA:64,0
DA:69,0
DA:70,0
DA:72,0
DA:78,0
DA:79,0
DA:80,0
DA:81,0
DA:83,0
DA:84,0
DA:86,0
DA:87,0
DA:96,0
DA:97,0
DA:99,0
DA:100,0
DA:103,0
DA:104,0
DA:105,0
DA:107,0
DA:108,0
DA:109,0
DA:116,0
DA:117,0
DA:119,0
DA:120,0
DA:121,0
DA:123,0
DA:124,0
DA:126,0
DA:127,0
DA:129,0
DA:130,0
DA:131,0
DA:132,0
DA:133,0
DA:135,0
DA:137,0
DA:142,0
DA:144,0
DA:145,0
DA:148,0
DA:149,0
DA:150,0
DA:152,0
DA:153,0
DA:154,0
DA:158,0
DA:160,0
DA:170,0
DA:180,0
DA:215,0
DA:263,0
LF:76
LH:0
BRDA:39,0,0,0
BRDA:39,0,1,0
BRDA:43,1,0,0
BRDA:43,1,1,0
BRDA:56,2,0,0
BRDA:56,2,1,0
BRDA:60,3,0,0
BRDA:60,3,1,0
BRDA:61,4,0,0
BRDA:61,4,1,0
BRDA:92,5,0,0
BRDA:92,5,1,0
BRDA:99,6,0,0
BRDA:99,6,1,0
BRDA:100,7,0,0
BRDA:100,7,1,0
BRDA:108,8,0,0
BRDA:108,8,1,0
BRDA:117,9,0,0
BRDA:117,9,1,0
BRDA:133,10,0,0
BRDA:133,10,1,0
BRDA:144,11,0,0
BRDA:144,11,1,0
BRDA:145,12,0,0
BRDA:145,12,1,0
BRDA:153,13,0,0
BRDA:153,13,1,0
BRDA:172,14,0,0
BRDA:172,14,1,0
BRDA:182,15,0,0
BRDA:182,15,1,0
BRDA:193,16,0,0
BRDA:193,16,1,0
BRDA:199,17,0,0
BRDA:199,17,1,0
BRDA:226,18,0,0
BRDA:226,18,1,0
BRDA:243,19,0,0
BRDA:243,19,1,0
BRDA:269,20,0,0
BRDA:269,20,1,0
BRDA:277,21,0,0
BRDA:277,21,1,0
BRDA:277,22,0,0
BRDA:277,22,1,0
BRDA:283,23,0,0
BRDA:283,23,1,0
BRDA:283,23,2,0
BRDA:283,23,3,0
BRDA:287,24,0,0
BRDA:287,24,1,0
BRF:52
BRH:0
end_of_record
TN:
SF:src/app/api/chat/route.ts
FN:22,detectChartIntent
FN:275,GET
FN:305,POST
FN:309,(anonymous_3)
FN:376,(anonymous_4)
FN:384,(anonymous_5)
FN:403,(anonymous_6)
FN:542,(anonymous_7)
FNF:8
FNH:3
FNDA:0,detectChartIntent
FNDA:1,GET
FNDA:5,POST
FNDA:5,(anonymous_3)
FNDA:0,(anonymous_4)
FNDA:0,(anonymous_5)
FNDA:0,(anonymous_6)
FNDA:0,(anonymous_7)
DA:16,1
DA:23,0
DA:26,0
DA:27,0
DA:28,0
DA:29,0
DA:30,0
DA:31,0
DA:32,0
DA:33,0
DA:34,0
DA:37,0
DA:38,0
DA:39,0
DA:40,0
DA:41,0
DA:42,0
DA:43,0
DA:44,0
DA:47,0
DA:48,0
DA:63,0
DA:64,0
DA:81,0
DA:82,0
DA:83,0
DA:99,0
DA:100,0
DA:116,0
DA:117,0
DA:139,0
DA:140,0
DA:156,0
DA:157,0
DA:158,0
DA:159,0
DA:160,0
DA:161,0
DA:163,0
DA:164,0
DA:181,0
DA:182,0
DA:199,0
DA:200,0
DA:217,0
DA:218,0
DA:236,0
DA:252,0
DA:253,0
DA:267,0
DA:276,1
DA:277,1
DA:278,1
DA:279,1
DA:280,1
DA:283,0
DA:284,0
DA:285,0
DA:286,0
DA:289,0
DA:290,0
DA:292,0
DA:298,0
DA:306,5
DA:309,5
DA:310,5
DA:312,5
DA:313,5
DA:314,5
DA:315,1
DA:316,1
DA:317,1
DA:321,4
DA:322,4
DA:323,4
DA:324,0
DA:325,0
DA:326,0
DA:330,4
DA:334,4
DA:335,1
DA:336,1
DA:337,1
DA:338,1
DA:339,1
DA:343,3
DA:344,1
DA:345,1
DA:346,0
DA:347,0
DA:348,0
DA:350,1
DA:351,1
DA:352,1
DA:353,1
DA:354,1
DA:359,2
DA:360,2
DA:361,2
DA:364,2
DA:367,2
DA:370,2
DA:371,2
DA:373,2
DA:378,0
DA:379,0
DA:380,0
DA:382,0
DA:385,0
DA:390,0
DA:391,0
DA:392,0
DA:394,0
DA:400,2
DA:401,2
DA:403,2
DA:405,0
DA:408,2
DA:415,2
DA:425,2
DA:432,2
DA:433,2
DA:434,2
DA:436,2
DA:438,2
DA:439,2
DA:440,2
DA:441,2
DA:443,2
DA:452,3
DA:453,3
DA:454,3
DA:455,3
DA:456,0
DA:461,0
DA:462,0
DA:463,0
DA:464,0
DA:465,0
DA:467,0
DA:470,0
DA:472,0
DA:480,0
DA:481,0
DA:484,0
DA:485,0
DA:488,0
DA:489,0
DA:492,0
DA:494,0
DA:495,0
DA:496,0
DA:497,0
DA:504,0
DA:508,2
DA:509,2
DA:515,0
DA:516,0
DA:520,0
DA:521,0
DA:523,0
DA:524,0
DA:532,2
DA:533,0
DA:535,0
DA:538,0
DA:542,0
DA:543,0
DA:544,0
DA:545,0
DA:546,0
DA:547,0
DA:548,0
DA:549,0
DA:551,0
DA:552,0
DA:554,0
DA:556,0
DA:557,0
DA:558,0
DA:559,0
DA:560,0
DA:561,0
DA:562,0
DA:564,0
DA:565,0
DA:568,0
DA:569,0
DA:572,0
DA:573,0
DA:581,2
DA:582,0
DA:583,0
DA:587,2
DA:588,0
DA:592,2
DA:595,2
DA:597,0
DA:599,5
DA:603,5
LF:200
LH:69
BRDA:27,0,0,0
BRDA:27,0,1,0
BRDA:28,1,0,0
BRDA:28,1,1,0
BRDA:29,2,0,0
BRDA:29,2,1,0
BRDA:30,3,0,0
BRDA:30,3,1,0
BRDA:31,4,0,0
BRDA:31,4,1,0
BRDA:32,5,0,0
BRDA:32,5,1,0
BRDA:33,6,0,0
BRDA:33,6,1,0
BRDA:34,7,0,0
BRDA:34,7,1,0
BRDA:40,8,0,0
BRDA:40,8,1,0
BRDA:40,8,2,0
BRDA:41,9,0,0
BRDA:41,9,1,0
BRDA:42,10,0,0
BRDA:42,10,1,0
BRDA:42,10,2,0
BRDA:43,11,0,0
BRDA:43,11,1,0
BRDA:44,12,0,0
BRDA:44,12,1,0
BRDA:47,13,0,0
BRDA:47,13,1,0
BRDA:47,14,0,0
BRDA:47,14,1,0
BRDA:63,15,0,0
BRDA:63,15,1,0
BRDA:63,16,0,0
BRDA:63,16,1,0
BRDA:73,17,0,0
BRDA:73,17,1,0
BRDA:73,18,0,0
BRDA:73,18,1,0
BRDA:74,19,0,0
BRDA:74,19,1,0
BRDA:74,20,0,0
BRDA:74,20,1,0
BRDA:81,21,0,0
BRDA:81,21,1,0
BRDA:81,22,0,0
BRDA:81,22,1,0
BRDA:81,22,2,0
BRDA:81,22,3,0
BRDA:85,23,0,0
BRDA:85,23,1,0
BRDA:90,24,0,0
BRDA:90,24,1,0
BRDA:99,25,0,0
BRDA:99,25,1,0
BRDA:99,26,0,0
BRDA:99,26,1,0
BRDA:116,27,0,0
BRDA:116,27,1,0
BRDA:116,28,0,0
BRDA:116,28,1,0
BRDA:116,28,2,0
BRDA:139,29,0,0
BRDA:139,29,1,0
BRDA:139,30,0,0
BRDA:139,30,1,0
BRDA:139,30,2,0
BRDA:139,30,3,0
BRDA:156,31,0,0
BRDA:156,31,1,0
BRDA:163,32,0,0
BRDA:163,32,1,0
BRDA:163,33,0,0
BRDA:163,33,1,0
BRDA:181,34,0,0
BRDA:181,34,1,0
BRDA:181,35,0,0
BRDA:181,35,1,0
BRDA:199,36,0,0
BRDA:199,36,1,0
BRDA:199,37,0,0
BRDA:199,37,1,0
BRDA:217,38,0,0
BRDA:217,38,1,0
BRDA:217,39,0,0
BRDA:217,39,1,0
BRDA:252,40,0,0
BRDA:252,40,1,0
BRDA:252,41,0,0
BRDA:252,41,1,0
BRDA:254,42,0,0
BRDA:254,42,1,0
BRDA:255,43,0,0
BRDA:255,43,1,0
BRDA:260,44,0,0
BRDA:260,44,1,0
BRDA:260,45,0,0
BRDA:260,45,1,0
BRDA:263,46,0,0
BRDA:263,46,1,0
BRDA:279,47,0,1
BRDA:279,47,1,0
BRDA:285,48,0,0
BRDA:285,48,1,0
BRDA:299,49,0,0
BRDA:299,49,1,0
BRDA:314,50,0,1
BRDA:314,50,1,4
BRDA:323,51,0,0
BRDA:323,51,1,4
BRDA:323,52,0,4
BRDA:323,52,1,4
BRDA:334,53,0,1
BRDA:334,53,1,3
BRDA:335,54,0,1
BRDA:335,54,1,1
BRDA:343,55,0,1
BRDA:343,55,1,2
BRDA:345,56,0,0
BRDA:345,56,1,1
BRDA:378,57,0,0
BRDA:378,57,1,0
BRDA:390,58,0,0
BRDA:390,58,1,0
BRDA:392,59,0,0
BRDA:392,59,1,0
BRDA:446,60,0,0
BRDA:446,60,1,2
BRDA:452,61,0,3
BRDA:452,61,1,0
BRDA:456,62,0,0
BRDA:456,62,1,0
BRDA:461,63,0,0
BRDA:461,63,1,0
BRDA:463,64,0,0
BRDA:463,64,1,0
BRDA:464,65,0,0
BRDA:464,65,1,0
BRDA:467,66,0,0
BRDA:467,66,1,0
BRDA:480,67,0,0
BRDA:480,67,1,0
BRDA:480,68,0,0
BRDA:480,68,1,0
BRDA:484,69,0,0
BRDA:484,69,1,0
BRDA:484,70,0,0
BRDA:484,70,1,0
BRDA:488,71,0,0
BRDA:488,71,1,0
BRDA:488,72,0,0
BRDA:488,72,1,0
BRDA:494,73,0,0
BRDA:494,73,1,0
BRDA:496,74,0,0
BRDA:496,74,1,0
BRDA:508,75,0,2
BRDA:508,75,1,0
BRDA:515,76,0,0
BRDA:515,76,1,0
BRDA:520,77,0,0
BRDA:520,77,1,0
BRDA:532,78,0,0
BRDA:532,78,1,2
BRDA:533,79,0,0
BRDA:533,79,1,0
BRDA:535,80,0,0
BRDA:535,80,1,0
BRDA:535,81,0,0
BRDA:535,81,1,0
BRDA:542,82,0,0
BRDA:542,82,1,0
BRDA:543,83,0,0
BRDA:543,83,1,0
BRDA:543,84,0,0
BRDA:543,84,1,0
BRDA:543,84,2,0
BRDA:546,85,0,0
BRDA:546,85,1,0
BRDA:554,86,0,0
BRDA:554,86,1,0
BRDA:554,87,0,0
BRDA:554,87,1,0
BRDA:554,87,2,0
BRDA:557,88,0,0
BRDA:557,88,1,0
BRDA:560,89,0,0
BRDA:560,89,1,0
BRDA:581,90,0,0
BRDA:581,90,1,2
BRDA:581,91,0,2
BRDA:581,91,1,0
BRDA:581,91,2,0
BRDA:587,92,0,0
BRDA:587,92,1,2
BRDA:597,93,0,0
BRDA:597,93,1,0
BRF:198
BRH:20
end_of_record
TN:
SF:src/app/api/forest/[id]/charts/route.ts
FN:13,mapTabToRow
FN:32,GET
FN:57,POST
FN:123,DELETE
FNF:4
FNH:0
FNDA:0,mapTabToRow
FNDA:0,GET
FNDA:0,POST
FNDA:0,DELETE
DA:14,0
DA:36,0
DA:37,0
DA:40,0
DA:41,0
DA:42,0
DA:45,0
DA:46,0
DA:47,0
DA:49,0
DA:61,0
DA:62,0
DA:65,0
DA:66,0
DA:67,0
DA:70,0
DA:71,0
DA:74,0
DA:75,0
DA:76,0
DA:81,0
DA:82,0
DA:88,0
DA:101,0
DA:102,0
DA:108,0
DA:109,0
DA:113,0
DA:115,0
DA:127,0
DA:128,0
DA:131,0
DA:132,0
DA:133,0
DA:136,0
DA:137,0
DA:139,0
DA:140,0
DA:142,0
DA:145,0
DA:147,0
LF:41
LH:0
BRDA:25,0,0,0
BRDA:25,0,1,0
BRDA:26,1,0,0
BRDA:26,1,1,0
BRDA:27,2,0,0
BRDA:27,2,1,0
BRDA:41,3,0,0
BRDA:41,3,1,0
BRDA:50,4,0,0
BRDA:50,4,1,0
BRDA:66,5,0,0
BRDA:66,5,1,0
BRDA:75,6,0,0
BRDA:75,6,1,0
BRDA:75,7,0,0
BRDA:75,7,1,0
BRDA:75,7,2,0
BRDA:75,7,3,0
BRDA:81,8,0,0
BRDA:81,8,1,0
BRDA:81,9,0,0
BRDA:81,9,1,0
BRDA:81,9,2,0
BRDA:101,10,0,0
BRDA:101,10,1,0
BRDA:116,11,0,0
BRDA:116,11,1,0
BRDA:132,12,0,0
BRDA:132,12,1,0
BRDA:139,13,0,0
BRDA:139,13,1,0
BRDA:148,14,0,0
BRDA:148,14,1,0
BRF:33
BRH:0
end_of_record
TN:
SF:src/app/api/forests/[id]/route.ts
FN:4,DELETE
FNF:1
FNH:0
FNDA:0,DELETE
DA:8,0
DA:9,0
DA:11,0
DA:12,0
DA:18,0
DA:20,0
DA:21,0
DA:27,0
DA:33,0
DA:35,0
DA:36,0
DA:39,0
LF:12
LH:0
BRDA:11,0,0,0
BRDA:11,0,1,0
BRDA:20,1,0,0
BRDA:20,1,1,0
BRDA:35,2,0,0
BRDA:35,2,1,0
BRDA:35,3,0,0
BRDA:35,3,1,0
BRDA:42,4,0,0
BRDA:42,4,1,0
BRF:10
BRH:0
end_of_record
TN:
SF:src/app/api/import/csv/route.ts
FN:7,POST
FNF:1
FNH:0
FNDA:0,POST
DA:8,0
DA:10,0
DA:13,0
DA:14,0
DA:15,0
DA:19,0
DA:20,0
DA:21,0
DA:22,0
DA:24,0
DA:25,0
DA:29,0
DA:30,0
DA:36,0
DA:38,0
DA:39,0
DA:41,0
DA:50,0
DA:51,0
DA:58,0
DA:67,0
DA:77,0
DA:78,0
LF:23
LH:0
BRDA:14,0,0,0
BRDA:14,0,1,0
BRDA:22,1,0,0
BRDA:22,1,1,0
BRDA:24,2,0,0
BRDA:24,2,1,0
BRDA:29,3,0,0
BRDA:29,3,1,0
BRDA:44,4,0,0
BRDA:44,4,1,0
BRDA:50,5,0,0
BRDA:50,5,1,0
BRDA:61,6,0,0
BRDA:61,6,1,0
BRDA:81,7,0,0
BRDA:81,7,1,0
BRF:16
BRH:0
end_of_record
TN:
SF:src/app/api/import/property/route.ts
FN:7,POST
FNF:1
FNH:0
FNDA:0,POST
DA:8,0
DA:10,0
DA:13,0
DA:15,0
DA:16,0
DA:20,0
DA:21,0
DA:23,0
DA:24,0
DA:30,0
DA:33,0
DA:35,0
DA:36,0
DA:45,0
DA:46,0
DA:57,0
DA:58,0
DA:64,0
DA:73,0
DA:74,0
DA:80,0
DA:83,0
DA:84,0
DA:85,0
DA:87,0
DA:89,0
DA:91,0
DA:96,0
DA:109,0
DA:110,0
DA:113,0
DA:119,0
DA:120,0
DA:124,0
DA:132,0
DA:143,0
DA:144,0
DA:147,0
DA:148,0
LF:39
LH:0
BRDA:15,0,0,0
BRDA:15,0,1,0
BRDA:23,1,0,0
BRDA:23,1,1,0
BRDA:23,2,0,0
BRDA:23,2,1,0
BRDA:30,3,0,0
BRDA:30,3,1,0
BRDA:35,4,0,0
BRDA:35,4,1,0
BRDA:57,5,0,0
BRDA:57,5,1,0
BRDA:57,6,0,0
BRDA:57,6,1,0
BRDA:73,7,0,0
BRDA:73,7,1,0
BRDA:89,8,0,0
BRDA:89,8,1,0
BRDA:99,9,0,0
BRDA:99,9,1,0
BRDA:120,10,0,0
BRDA:120,10,1,0
BRDA:151,11,0,0
BRDA:151,11,1,0
BRF:24
BRH:0
end_of_record
TN:
SF:src/app/auth/layout.tsx
FN:1,AuthLayout
FNF:1
FNH:0
FNDA:0,AuthLayout
DA:6,0
LF:1
LH:0
BRF:0
BRH:0
end_of_record
TN:
SF:src/app/auth/callback/route.ts
FN:4,GET
FN:17,getAll
FN:20,setAll
FN:21,(anonymous_3)
FNF:4
FNH:0
FNDA:0,GET
FNDA:0,getAll
FNDA:0,setAll
FNDA:0,(anonymous_3)
DA:5,0
DA:6,0
DA:7,0
DA:9,0
DA:10,0
DA:12,0
DA:18,0
DA:21,0
DA:22,0
DA:29,0
DA:30,0
DA:33,0
LF:12
LH:0
BRDA:7,0,0,0
BRDA:7,0,1,0
BRDA:9,1,0,0
BRDA:9,1,1,0
BRF:4
BRH:0
end_of_record
TN:
SF:src/app/auth/login/LoginForm.tsx
FN:8,LoginForm
FN:17,handleSubmit
FN:56,(anonymous_2)
FN:72,(anonymous_3)
FNF:4
FNH:0
FNDA:0,LoginForm
FNDA:0,handleSubmit
FNDA:0,(anonymous_2)
FNDA:0,(anonymous_3)
DA:1,0
DA:9,0
DA:10,0
DA:11,0
DA:12,0
DA:13,0
DA:14,0
DA:15,0
DA:18,0
DA:19,0
DA:20,0
DA:22,0
DA:23,0
DA:28,0
DA:29,0
DA:30,0
DA:31,0
DA:34,0
DA:35,0
DA:38,0
DA:56,0
DA:72,0
LF:22
LH:0
BRDA:15,0,0,0
BRDA:15,0,1,0
BRDA:28,1,0,0
BRDA:28,1,1,0
BRDA:77,2,0,0
BRDA:77,2,1,0
BRDA:88,3,0,0
BRDA:88,3,1,0
BRF:8
BRH:0
end_of_record
TN:
SF:src/app/auth/login/page.tsx
FN:4,LoginPage
FNF:1
FNH:0
FNDA:0,LoginPage
DA:5,0
LF:1
LH:0
BRF:0
BRH:0
end_of_record
TN:
SF:src/app/auth/register/page.tsx
FN:8,RegisterPage
FN:16,handleSubmit
FN:78,(anonymous_2)
FN:95,(anonymous_3)
FNF:4
FNH:0
FNDA:0,RegisterPage
FNDA:0,handleSubmit
FNDA:0,(anonymous_2)
FNDA:0,(anonymous_3)
DA:1,0
DA:9,0
DA:10,0
DA:11,0
DA:12,0
DA:13,0
DA:14,0
DA:17,0
DA:18,0
DA:19,0
DA:21,0
DA:22,0
DA:30,0
DA:31,0
DA:32,0
DA:33,0
DA:36,0
DA:37,0
DA:40,0
DA:41,0
DA:60,0
DA:78,0
DA:95,0
LF:23
LH:0
BRDA:30,0,0,0
BRDA:30,0,1,0
BRDA:40,1,0,0
BRDA:40,1,1,0
BRDA:101,2,0,0
BRDA:101,2,1,0
BRDA:112,3,0,0
BRDA:112,3,1,0
BRF:8
BRH:0
end_of_record
TN:
SF:src/components/auth/UserMenu.tsx
FN:6,UserMenu
FN:11,(anonymous_1)
FN:12,handleClickOutside
FN:18,(anonymous_3)
FN:32,(anonymous_4)
FN:51,(anonymous_5)
FNF:6
FNH:0
FNDA:0,UserMenu
FNDA:0,(anonymous_1)
FNDA:0,handleClickOutside
FNDA:0,(anonymous_3)
FNDA:0,(anonymous_4)
FNDA:0,(anonymous_5)
DA:1,0
DA:7,0
DA:8,0
DA:9,0
DA:11,0
DA:13,0
DA:14,0
DA:17,0
DA:18,0
DA:21,0
DA:22,0
DA:25,0
DA:26,0
DA:29,0
DA:32,0
DA:52,0
DA:53,0
LF:17
LH:0
BRDA:13,0,0,0
BRDA:13,0,1,0
BRDA:13,1,0,0
BRDA:13,1,1,0
BRDA:21,2,0,0
BRDA:21,2,1,0
BRDA:25,3,0,0
BRDA:25,3,1,0
BRDA:43,4,0,0
BRDA:43,4,1,0
BRF:10
BRH:0
end_of_record
TN:
SF:src/components/charts/ChartCard.tsx
FN:35,formatNumber
FN:42,formatEuro
FN:48,formatPieLabel
FN:56,isEuroKey
FN:63,isVolumeKey
FN:70,isAreaKey
FN:77,isCountOrPctKey
FN:84,isNumericKey
FN:89,getAxisLabel
FN:97,isYearKey
FN:103,EuroTooltip
FN:117,(anonymous_11)
FN:118,(anonymous_12)
FN:152,yAxisProps
FN:157,(anonymous_14)
FN:182,WaterfallBar
FN:198,buildWaterfallData
FN:232,ChartCard
FN:233,(anonymous_18)
FN:234,(anonymous_19)
FN:235,(anonymous_20)
FN:236,(anonymous_21)
FN:242,(anonymous_22)
FN:251,(anonymous_23)
FN:271,(anonymous_24)
FN:275,(anonymous_25)
FN:290,(anonymous_26)
FN:294,(anonymous_27)
FN:304,(anonymous_28)
FN:308,(anonymous_29)
FN:312,(anonymous_30)
FN:332,(anonymous_31)
FN:335,(anonymous_32)
FN:355,(anonymous_33)
FN:392,(anonymous_34)
FN:395,(anonymous_35)
FN:404,(anonymous_36)
FN:407,(anonymous_37)
FN:443,(anonymous_38)
FN:453,(anonymous_39)
FN:455,(anonymous_40)
FN:472,(anonymous_41)
FN:474,(anonymous_42)
FN:485,(anonymous_43)
FN:491,(anonymous_44)
FN:493,(anonymous_45)
FN:524,(anonymous_46)
FN:527,(anonymous_47)
FN:553,(anonymous_48)
FN:554,(anonymous_49)
FN:557,(anonymous_50)
FN:586,(anonymous_51)
FN:587,(anonymous_52)
FN:590,(anonymous_53)
FN:612,(anonymous_54)
FN:633,(anonymous_55)
FN:646,(anonymous_56)
FN:662,(anonymous_57)
FN:683,(anonymous_58)
FN:697,(anonymous_59)
FN:710,(anonymous_60)
FN:724,(anonymous_61)
FN:726,(anonymous_62)
FN:771,(anonymous_63)
FN:773,(anonymous_64)
FN:785,(anonymous_65)
FN:814,(anonymous_66)
FN:816,(anonymous_67)
FNF:68
FNH:0
FNDA:0,formatNumber
FNDA:0,formatEuro
FNDA:0,formatPieLabel
FNDA:0,isEuroKey
FNDA:0,isVolumeKey
FNDA:0,isAreaKey
FNDA:0,isCountOrPctKey
FNDA:0,isNumericKey
FNDA:0,getAxisLabel
FNDA:0,isYearKey
FNDA:0,EuroTooltip
FNDA:0,(anonymous_11)
FNDA:0,(anonymous_12)
FNDA:0,yAxisProps
FNDA:0,(anonymous_14)
FNDA:0,WaterfallBar
FNDA:0,buildWaterfallData
FNDA:0,ChartCard
FNDA:0,(anonymous_18)
FNDA:0,(anonymous_19)
FNDA:0,(anonymous_20)
FNDA:0,(anonymous_21)
FNDA:0,(anonymous_22)
FNDA:0,(anonymous_23)
FNDA:0,(anonymous_24)
FNDA:0,(anonymous_25)
FNDA:0,(anonymous_26)
FNDA:0,(anonymous_27)
FNDA:0,(anonymous_28)
FNDA:0,(anonymous_29)
FNDA:0,(anonymous_30)
FNDA:0,(anonymous_31)
FNDA:0,(anonymous_32)
FNDA:0,(anonymous_33)
FNDA:0,(anonymous_34)
FNDA:0,(anonymous_35)
FNDA:0,(anonymous_36)
FNDA:0,(anonymous_37)
FNDA:0,(anonymous_38)
FNDA:0,(anonymous_39)
FNDA:0,(anonymous_40)
FNDA:0,(anonymous_41)
FNDA:0,(anonymous_42)
FNDA:0,(anonymous_43)
FNDA:0,(anonymous_44)
FNDA:0,(anonymous_45)
FNDA:0,(anonymous_46)
FNDA:0,(anonymous_47)
FNDA:0,(anonymous_48)
FNDA:0,(anonymous_49)
FNDA:0,(anonymous_50)
FNDA:0,(anonymous_51)
FNDA:0,(anonymous_52)
FNDA:0,(anonymous_53)
FNDA:0,(anonymous_54)
FNDA:0,(anonymous_55)
FNDA:0,(anonymous_56)
FNDA:0,(anonymous_57)
FNDA:0,(anonymous_58)
FNDA:0,(anonymous_59)
FNDA:0,(anonymous_60)
FNDA:0,(anonymous_61)
FNDA:0,(anonymous_62)
FNDA:0,(anonymous_63)
FNDA:0,(anonymous_64)
FNDA:0,(anonymous_65)
FNDA:0,(anonymous_66)
FNDA:0,(anonymous_67)
DA:1,0
DA:36,0
DA:43,0
DA:44,0
DA:49,0
DA:50,0
DA:51,0
DA:52,0
DA:57,0
DA:58,0
DA:59,0
DA:64,0
DA:65,0
DA:66,0
DA:71,0
DA:72,0
DA:73,0
DA:78,0
DA:79,0
DA:80,0
DA:85,0
DA:90,0
DA:91,0
DA:92,0
DA:93,0
DA:98,0
DA:104,0
DA:105,0
DA:117,0
DA:119,0
DA:120,0
DA:121,0
DA:122,0
DA:123,0
DA:147,0
DA:148,0
DA:153,0
DA:154,0
DA:155,0
DA:158,0
DA:159,0
DA:160,0
DA:161,0
DA:167,0
DA:183,0
DA:186,0
DA:190,0
DA:191,0
DA:203,0
DA:204,0
DA:207,0
DA:208,0
DA:215,0
DA:216,0
DA:217,0
DA:222,0
DA:223,0
DA:225,0
DA:233,0
DA:234,0
DA:235,0
DA:236,0
DA:242,0
DA:243,0
DA:246,0
DA:247,0
DA:250,0
DA:251,0
DA:252,0
DA:253,0
DA:257,0
DA:258,0
DA:259,0
DA:260,0
DA:267,0
DA:271,0
DA:272,0
DA:273,0
DA:274,0
DA:275,0
DA:276,0
DA:277,0
DA:278,0
DA:279,0
DA:280,0
DA:283,0
DA:290,0
DA:291,0
DA:292,0
DA:293,0
DA:294,0
DA:295,0
DA:296,0
DA:298,0
DA:299,0
DA:304,0
DA:305,0
DA:306,0
DA:307,0
DA:308,0
DA:312,0
DA:313,0
DA:316,0
DA:318,0
DA:332,0
DA:336,0
DA:337,0
DA:355,0
DA:356,0
DA:358,0
DA:359,0
DA:361,0
DA:362,0
DA:364,0
DA:365,0
DA:366,0
DA:367,0
DA:368,0
DA:369,0
DA:370,0
DA:371,0
DA:372,0
DA:373,0
DA:375,0
DA:377,0
DA:378,0
DA:380,0
DA:382,0
DA:384,0
DA:388,0
DA:392,0
DA:395,0
DA:396,0
DA:397,0
DA:398,0
DA:400,0
DA:401,0
DA:402,0
DA:403,0
DA:404,0
DA:405,0
DA:407,0
DA:408,0
DA:413,0
DA:421,0
DA:424,0
DA:430,0
DA:444,0
DA:445,0
DA:446,0
DA:453,0
DA:456,0
DA:464,0
DA:465,0
DA:472,0
DA:475,0
DA:483,0
DA:486,0
DA:491,0
DA:494,0
DA:506,0
DA:524,0
DA:528,0
DA:529,0
DA:543,0
DA:553,0
DA:554,0
DA:558,0
DA:559,0
DA:575,0
DA:586,0
DA:587,0
DA:591,0
DA:592,0
DA:608,0
DA:613,0
DA:634,0
DA:635,0
DA:636,0
DA:647,0
DA:648,0
DA:649,0
DA:658,0
DA:663,0
DA:684,0
DA:685,0
DA:686,0
DA:694,0
DA:698,0
DA:710,0
DA:724,0
DA:727,0
DA:739,0
DA:758,0
DA:771,0
DA:774,0
DA:786,0
DA:787,0
DA:788,0
DA:796,0
DA:797,0
DA:814,0
DA:817,0
DA:829,0
LF:204
LH:0
BRDA:44,0,0,0
BRDA:44,0,1,0
BRDA:49,1,0,0
BRDA:49,1,1,0
BRDA:50,2,0,0
BRDA:50,2,1,0
BRDA:51,3,0,0
BRDA:51,3,1,0
BRDA:52,4,0,0
BRDA:52,4,1,0
BRDA:57,5,0,0
BRDA:57,5,1,0
BRDA:59,6,0,0
BRDA:59,6,1,0
BRDA:59,6,2,0
BRDA:59,6,3,0
BRDA:59,6,4,0
BRDA:59,6,5,0
BRDA:64,7,0,0
BRDA:64,7,1,0
BRDA:66,8,0,0
BRDA:66,8,1,0
BRDA:66,8,2,0
BRDA:71,9,0,0
BRDA:71,9,1,0
BRDA:73,10,0,0
BRDA:73,10,1,0
BRDA:73,10,2,0
BRDA:78,11,0,0
BRDA:78,11,1,0
BRDA:80,12,0,0
BRDA:80,12,1,0
BRDA:80,12,2,0
BRDA:80,12,3,0
BRDA:80,12,4,0
BRDA:85,13,0,0
BRDA:85,13,1,0
BRDA:85,13,2,0
BRDA:90,14,0,0
BRDA:90,14,1,0
BRDA:91,15,0,0
BRDA:91,15,1,0
BRDA:92,16,0,0
BRDA:92,16,1,0
BRDA:98,17,0,0
BRDA:98,17,1,0
BRDA:104,18,0,0
BRDA:104,18,1,0
BRDA:104,19,0,0
BRDA:104,19,1,0
BRDA:122,20,0,0
BRDA:122,20,1,0
BRDA:122,21,0,0
BRDA:122,21,1,0
BRDA:128,22,0,0
BRDA:128,22,1,0
BRDA:128,23,0,0
BRDA:128,23,1,0
BRDA:130,24,0,0
BRDA:130,24,1,0
BRDA:130,25,0,0
BRDA:130,25,1,0
BRDA:132,26,0,0
BRDA:132,26,1,0
BRDA:132,27,0,0
BRDA:132,27,1,0
BRDA:134,28,0,0
BRDA:134,28,1,0
BRDA:134,29,0,0
BRDA:134,29,1,0
BRDA:136,30,0,0
BRDA:136,30,1,0
BRDA:136,31,0,0
BRDA:136,31,1,0
BRDA:153,32,0,0
BRDA:153,32,1,0
BRDA:154,33,0,0
BRDA:154,33,1,0
BRDA:158,34,0,0
BRDA:158,34,1,0
BRDA:159,35,0,0
BRDA:159,35,1,0
BRDA:159,36,0,0
BRDA:159,36,1,0
BRDA:159,36,2,0
BRDA:160,37,0,0
BRDA:160,37,1,0
BRDA:160,38,0,0
BRDA:160,38,1,0
BRDA:163,39,0,0
BRDA:163,39,1,0
BRDA:186,40,0,0
BRDA:186,40,1,0
BRDA:186,41,0,0
BRDA:186,41,1,0
BRDA:190,42,0,0
BRDA:190,42,1,0
BRDA:190,43,0,0
BRDA:190,43,1,0
BRDA:203,44,0,0
BRDA:203,44,1,0
BRDA:207,45,0,0
BRDA:207,45,1,0
BRDA:207,46,0,0
BRDA:207,46,1,0
BRDA:216,47,0,0
BRDA:216,47,1,0
BRDA:243,48,0,0
BRDA:243,48,1,0
BRDA:247,49,0,0
BRDA:247,49,1,0
BRDA:247,50,0,0
BRDA:247,50,1,0
BRDA:251,51,0,0
BRDA:251,51,1,0
BRDA:252,52,0,0
BRDA:252,52,1,0
BRDA:257,53,0,0
BRDA:257,53,1,0
BRDA:257,54,0,0
BRDA:257,54,1,0
BRDA:259,55,0,0
BRDA:259,55,1,0
BRDA:259,56,0,0
BRDA:259,56,1,0
BRDA:259,56,2,0
BRDA:260,57,0,0
BRDA:260,57,1,0
BRDA:267,58,0,0
BRDA:267,58,1,0
BRDA:267,59,0,0
BRDA:267,59,1,0
BRDA:267,60,0,0
BRDA:267,60,1,0
BRDA:272,61,0,0
BRDA:272,61,1,0
BRDA:274,62,0,0
BRDA:274,62,1,0
BRDA:278,63,0,0
BRDA:278,63,1,0
BRDA:278,64,0,0
BRDA:278,64,1,0
BRDA:280,65,0,0
BRDA:280,65,1,0
BRDA:291,66,0,0
BRDA:291,66,1,0
BRDA:292,67,0,0
BRDA:292,67,1,0
BRDA:293,68,0,0
BRDA:293,68,1,0
BRDA:293,69,0,0
BRDA:293,69,1,0
BRDA:296,70,0,0
BRDA:296,70,1,0
BRDA:305,71,0,0
BRDA:305,71,1,0
BRDA:307,72,0,0
BRDA:307,72,1,0
BRDA:307,73,0,0
BRDA:307,73,1,0
BRDA:313,74,0,0
BRDA:313,74,1,0
BRDA:316,75,0,0
BRDA:316,75,1,0
BRDA:316,75,2,0
BRDA:316,75,3,0
BRDA:316,75,4,0
BRDA:316,75,5,0
BRDA:316,75,6,0
BRDA:316,75,7,0
BRDA:316,75,8,0
BRDA:316,75,9,0
BRDA:316,75,10,0
BRDA:316,75,11,0
BRDA:323,76,0,0
BRDA:323,76,1,0
BRDA:325,77,0,0
BRDA:325,77,1,0
BRDA:340,78,0,0
BRDA:340,78,1,0
BRDA:341,79,0,0
BRDA:341,79,1,0
BRDA:356,80,0,0
BRDA:356,80,1,0
BRDA:365,81,0,0
BRDA:365,81,1,0
BRDA:365,82,0,0
BRDA:365,82,1,0
BRDA:366,83,0,0
BRDA:366,83,1,0
BRDA:366,84,0,0
BRDA:366,84,1,0
BRDA:369,85,0,0
BRDA:369,85,1,0
BRDA:371,86,0,0
BRDA:371,86,1,0
BRDA:378,87,0,0
BRDA:378,87,1,0
BRDA:380,88,0,0
BRDA:380,88,1,0
BRDA:383,89,0,0
BRDA:383,89,1,0
BRDA:383,90,0,0
BRDA:383,90,1,0
BRDA:385,91,0,0
BRDA:385,91,1,0
BRDA:385,92,0,0
BRDA:385,92,1,0
BRDA:397,93,0,0
BRDA:397,93,1,0
BRDA:402,94,0,0
BRDA:402,94,1,0
BRDA:404,95,0,0
BRDA:404,95,1,0
BRDA:404,96,0,0
BRDA:404,96,1,0
BRDA:407,97,0,0
BRDA:407,97,1,0
BRDA:407,98,0,0
BRDA:407,98,1,0
BRDA:421,99,0,0
BRDA:421,100,0,0
BRDA:435,101,0,0
BRDA:435,101,1,0
BRDA:437,102,0,0
BRDA:437,102,1,0
BRDA:442,103,0,0
BRDA:442,103,1,0
BRDA:445,104,0,0
BRDA:445,104,1,0
BRDA:458,105,0,0
BRDA:458,105,1,0
BRDA:464,106,0,0
BRDA:464,106,1,0
BRDA:477,107,0,0
BRDA:477,107,1,0
BRDA:496,108,0,0
BRDA:496,108,1,0
BRDA:515,109,0,0
BRDA:515,109,1,0
BRDA:532,110,0,0
BRDA:532,110,1,0
BRDA:533,111,0,0
BRDA:533,111,1,0
BRDA:549,112,0,0
BRDA:549,112,1,0
BRDA:553,113,0,0
BRDA:553,113,1,0
BRDA:562,114,0,0
BRDA:562,114,1,0
BRDA:563,115,0,0
BRDA:563,115,1,0
BRDA:581,116,0,0
BRDA:581,116,1,0
BRDA:586,117,0,0
BRDA:586,117,1,0
BRDA:595,118,0,0
BRDA:595,118,1,0
BRDA:596,119,0,0
BRDA:596,119,1,0
BRDA:621,120,0,0
BRDA:621,120,1,0
BRDA:623,121,0,0
BRDA:623,121,1,0
BRDA:636,122,0,0
BRDA:636,122,1,0
BRDA:636,123,0,0
BRDA:636,123,1,0
BRDA:639,124,0,0
BRDA:639,124,1,0
BRDA:649,125,0,0
BRDA:649,125,1,0
BRDA:649,126,0,0
BRDA:649,126,1,0
BRDA:671,127,0,0
BRDA:671,127,1,0
BRDA:673,128,0,0
BRDA:673,128,1,0
BRDA:686,129,0,0
BRDA:686,129,1,0
BRDA:686,130,0,0
BRDA:686,130,1,0
BRDA:706,131,0,0
BRDA:706,131,1,0
BRDA:708,132,0,0
BRDA:708,132,1,0
BRDA:710,133,0,0
BRDA:710,133,1,0
BRDA:711,134,0,0
BRDA:711,134,1,0
BRDA:711,135,0,0
BRDA:711,135,1,0
BRDA:729,136,0,0
BRDA:729,136,1,0
BRDA:730,137,0,0
BRDA:730,137,1,0
BRDA:743,138,0,0
BRDA:743,138,1,0
BRDA:763,139,0,0
BRDA:763,139,1,0
BRDA:765,140,0,0
BRDA:765,140,1,0
BRDA:776,141,0,0
BRDA:776,141,1,0
BRDA:782,142,0,0
BRDA:782,142,1,0
BRDA:788,143,0,0
BRDA:788,143,1,0
BRDA:788,144,0,0
BRDA:788,144,1,0
BRDA:802,145,0,0
BRDA:802,145,1,0
BRDA:804,146,0,0
BRDA:804,146,1,0
BRDA:819,147,0,0
BRDA:819,147,1,0
BRF:316
BRH:0
end_of_record
TN:
SF:src/components/charts/ChartTabBar.tsx
FN:14,ChartTabBar
FN:25,(anonymous_1)
FN:29,(anonymous_2)
FN:39,(anonymous_3)
FNF:4
FNH:0
FNDA:0,ChartTabBar
FNDA:0,(anonymous_1)
FNDA:0,(anonymous_2)
FNDA:0,(anonymous_3)
DA:1,0
DA:22,0
DA:26,0
DA:29,0
DA:40,0
DA:41,0
LF:6
LH:0
BRDA:31,0,0,0
BRDA:31,0,1,0
BRDA:54,1,0,0
BRDA:54,1,1,0
BRDA:56,2,0,0
BRDA:56,2,1,0
BRF:6
BRH:0
end_of_record
TN:
SF:src/components/charts/ChartTabContent.tsx
FN:10,ChartTabContent
FNF:1
FNH:0
FNDA:0,ChartTabContent
DA:1,0
DA:11,0
LF:2
LH:0
BRF:0
BRH:0
end_of_record
TN:
SF:src/components/charts/ChartsPanel.tsx
FN:9,ChartsPanel
FN:10,(anonymous_1)
FN:11,(anonymous_2)
FN:12,(anonymous_3)
FN:13,(anonymous_4)
FN:14,(anonymous_5)
FN:15,(anonymous_6)
FN:16,(anonymous_7)
FN:18,(anonymous_8)
FN:21,(anonymous_9)
FN:23,(anonymous_10)
FN:27,(anonymous_11)
FN:30,(anonymous_12)
FN:51,(anonymous_13)
FN:53,(anonymous_14)
FN:58,(anonymous_15)
FNF:16
FNH:0
FNDA:0,ChartsPanel
FNDA:0,(anonymous_1)
FNDA:0,(anonymous_2)
FNDA:0,(anonymous_3)
FNDA:0,(anonymous_4)
FNDA:0,(anonymous_5)
FNDA:0,(anonymous_6)
FNDA:0,(anonymous_7)
FNDA:0,(anonymous_8)
FNDA:0,(anonymous_9)
FNDA:0,(anonymous_10)
FNDA:0,(anonymous_11)
FNDA:0,(anonymous_12)
FNDA:0,(anonymous_13)
FNDA:0,(anonymous_14)
FNDA:0,(anonymous_15)
DA:1,0
DA:10,0
DA:11,0
DA:12,0
DA:13,0
DA:14,0
DA:15,0
DA:16,0
DA:18,0
DA:21,0
DA:22,0
DA:23,0
DA:24,0
DA:26,0
DA:27,0
DA:30,0
DA:31,0
DA:32,0
DA:33,0
DA:41,0
DA:44,0
DA:51,0
DA:54,0
DA:55,0
DA:58,0
LF:25
LH:0
BRDA:22,0,0,0
BRDA:22,0,1,0
BRDA:24,1,0,0
BRDA:24,1,1,0
BRDA:31,2,0,0
BRDA:31,2,1,0
BRDA:47,3,0,0
BRDA:47,3,1,0
BRDA:55,4,0,0
BRDA:55,4,1,0
BRDA:61,5,0,0
BRDA:61,5,1,0
BRDA:67,6,0,0
BRDA:67,6,1,0
BRF:14
BRH:0
end_of_record
TN:
SF:src/components/chat/ChatHeader.tsx
FN:5,ChatHeader
FNF:1
FNH:0
FNDA:0,ChatHeader
DA:1,0
DA:6,0
DA:8,0
LF:3
LH:0
BRF:0
BRH:0
end_of_record
TN:
SF:src/components/chat/ChatInput.tsx
FN:12,ChatInput
FN:20,(anonymous_1)
FN:23,(anonymous_2)
FN:31,(anonymous_3)
FN:45,(anonymous_4)
FN:56,(anonymous_5)
FN:66,(anonymous_6)
FN:69,(anonymous_7)
FN:120,(anonymous_8)
FNF:9
FNH:6
FNDA:40,ChatInput
FNDA:10,(anonymous_1)
FNDA:0,(anonymous_2)
FNDA:28,(anonymous_3)
FNDA:2,(anonymous_4)
FNDA:31,(anonymous_5)
FNDA:0,(anonymous_6)
FNDA:0,(anonymous_7)
FNDA:28,(anonymous_8)
DA:1,1
DA:13,40
DA:14,40
DA:15,40
DA:16,40
DA:19,40
DA:20,40
DA:21,10
DA:23,0
DA:24,0
DA:27,10
DA:31,40
DA:32,28
DA:33,28
DA:34,28
DA:35,28
DA:36,28
DA:37,28
DA:38,28
DA:39,0
DA:41,28
DA:45,40
DA:46,2
DA:47,2
DA:48,2
DA:49,2
DA:51,2
DA:52,2
DA:56,40
DA:58,31
DA:59,2
DA:60,2
DA:66,40
DA:67,0
DA:69,0
DA:70,0
DA:71,0
DA:72,0
DA:73,0
DA:74,0
DA:76,0
DA:81,40
DA:121,28
DA:122,28
LF:44
LH:33
BRDA:21,0,0,0
BRDA:21,0,1,10
BRDA:21,1,0,10
BRDA:21,1,1,2
BRDA:33,2,0,0
BRDA:33,2,1,28
BRDA:38,3,0,0
BRDA:38,3,1,28
BRDA:47,4,0,0
BRDA:47,4,1,2
BRDA:47,5,0,2
BRDA:47,5,1,2
BRDA:51,6,0,2
BRDA:51,6,1,0
BRDA:58,7,0,2
BRDA:58,7,1,29
BRDA:58,8,0,31
BRDA:58,8,1,3
BRDA:71,9,0,0
BRDA:71,9,1,0
BRDA:109,10,0,40
BRDA:109,10,1,0
BRDA:133,11,0,40
BRDA:133,11,1,38
BRF:24
BRH:16
end_of_record
TN:
SF:src/components/chat/ChatMessage.tsx
FN:9,ChatMessage
FNF:1
FNH:1
FNDA:7,ChatMessage
DA:1,1
DA:10,7
DA:12,7
LF:3
LH:3
BRDA:13,0,0,5
BRDA:13,0,1,2
BRDA:16,1,0,5
BRDA:16,1,1,2
BRF:4
BRH:4
end_of_record
TN:
SF:src/components/chat/ChatMessages.tsx
FN:20,ChatMessages
FN:30,(anonymous_1)
FN:59,(anonymous_2)
FN:60,(anonymous_3)
FNF:4
FNH:4
FNDA:11,ChatMessages
FNDA:11,(anonymous_1)
FNDA:8,(anonymous_2)
FNDA:7,(anonymous_3)
DA:1,1
DA:27,11
DA:30,11
DA:31,11
DA:34,11
DA:36,11
DA:59,8
DA:61,7
LF:8
LH:8
BRDA:23,0,0,11
BRDA:38,1,0,11
BRDA:38,1,1,6
BRDA:38,1,2,4
BRDA:38,1,3,4
BRDA:38,1,4,2
BRDA:65,2,0,11
BRDA:65,2,1,1
BRDA:74,3,0,11
BRDA:74,3,1,2
BRDA:74,3,2,2
BRDA:84,4,0,11
BRDA:84,4,1,0
BRDA:84,4,2,0
BRDA:84,4,3,0
BRDA:95,5,0,11
BRDA:95,5,1,2
BRF:17
BRH:14
end_of_record
TN:
SF:src/components/chat/ChatPanel.tsx
FN:16,ChatPanel
FN:50,(anonymous_1)
FN:52,(anonymous_2)
FN:68,(anonymous_3)
FN:72,(anonymous_4)
FN:90,(anonymous_5)
FN:93,(anonymous_6)
FN:96,(anonymous_7)
FN:99,(anonymous_8)
FN:143,(anonymous_9)
FN:148,(anonymous_10)
FN:152,(anonymous_11)
FN:155,(anonymous_12)
FN:158,(anonymous_13)
FN:161,(anonymous_14)
FN:173,(anonymous_15)
FNF:16
FNH:4
FNDA:4,ChatPanel
FNDA:4,(anonymous_1)
FNDA:4,(anonymous_2)
FNDA:4,(anonymous_3)
FNDA:0,(anonymous_4)
FNDA:0,(anonymous_5)
FNDA:0,(anonymous_6)
FNDA:0,(anonymous_7)
FNDA:0,(anonymous_8)
FNDA:0,(anonymous_9)
FNDA:0,(anonymous_10)
FNDA:0,(anonymous_11)
FNDA:0,(anonymous_12)
FNDA:0,(anonymous_13)
FNDA:0,(anonymous_14)
FNDA:0,(anonymous_15)
DA:1,1
DA:44,4
DA:48,4
DA:50,4
DA:51,4
DA:52,4
DA:53,4
DA:54,4
DA:55,4
DA:56,4
DA:57,4
DA:58,4
DA:59,4
DA:60,4
DA:61,4
DA:65,4
DA:68,4
DA:71,4
DA:73,0
DA:76,0
DA:85,0
DA:86,0
DA:87,0
DA:89,0
DA:91,0
DA:94,0
DA:97,0
DA:101,0
DA:102,0
DA:103,0
DA:105,0
DA:106,0
DA:115,0
DA:116,0
DA:117,0
DA:118,0
DA:119,0
DA:120,0
DA:124,0
DA:125,0
DA:126,0
DA:135,0
DA:136,0
DA:137,0
DA:138,0
DA:139,0
DA:141,0
DA:144,0
DA:145,0
DA:146,0
DA:149,0
DA:150,0
DA:153,0
DA:156,0
DA:159,0
DA:163,0
DA:164,0
DA:165,0
DA:166,0
DA:167,0
DA:175,0
DA:177,0
DA:178,0
DA:179,0
DA:181,0
DA:182,0
DA:186,0
DA:187,0
DA:214,4
LF:69
LH:19
BRDA:56,0,0,0
BRDA:56,0,1,4
BRDA:58,1,0,0
BRDA:58,1,1,4
BRDA:59,2,0,0
BRDA:59,2,1,4
BRDA:60,3,0,0
BRDA:60,3,1,4
BRDA:61,4,0,0
BRDA:61,4,1,4
BRDA:65,5,0,4
BRDA:65,5,1,0
BRDA:73,6,0,0
BRDA:73,6,1,0
BRDA:73,7,0,0
BRDA:73,7,1,0
BRDA:78,8,0,0
BRDA:78,8,1,0
BRDA:97,9,0,0
BRDA:97,9,1,0
BRDA:97,10,0,0
BRDA:97,10,1,0
BRDA:101,11,0,0
BRDA:101,11,1,0
BRDA:101,12,0,0
BRDA:101,12,1,0
BRDA:105,13,0,0
BRDA:105,13,1,0
BRDA:119,14,0,0
BRDA:119,14,1,0
BRDA:125,15,0,0
BRDA:125,15,1,0
BRDA:127,16,0,0
BRDA:127,16,1,0
BRDA:138,17,0,0
BRDA:138,17,1,0
BRDA:139,18,0,0
BRDA:139,18,1,0
BRDA:166,19,0,0
BRDA:166,19,1,0
BRDA:177,20,0,0
BRDA:177,20,1,0
BRDA:178,21,0,0
BRDA:178,21,1,0
BRDA:181,22,0,0
BRDA:181,22,1,0
BRDA:186,23,0,0
BRDA:186,23,1,0
BRDA:186,24,0,0
BRDA:186,24,1,0
BRF:50
BRH:6
end_of_record
TN:
SF:src/components/chat/CommandsMenu.tsx
FN:10,CommandsMenu
FN:13,(anonymous_1)
FN:18,(anonymous_2)
FNF:3
FNH:0
FNDA:0,CommandsMenu
FNDA:0,(anonymous_1)
FNDA:0,(anonymous_2)
DA:1,1
DA:11,0
DA:13,0
DA:14,0
DA:15,0
DA:18,0
DA:19,0
DA:20,0
DA:23,0
LF:9
LH:1
BRF:0
BRH:0
end_of_record
TN:
SF:src/components/chat/ToolCallCard.tsx
FN:71,formatToolName
FN:86,ToolCallCard
FNF:2
FNH:2
FNDA:17,formatToolName
FNDA:17,ToolCallCard
DA:1,2
DA:9,2
DA:72,17
DA:83,17
DA:91,17
DA:93,17
LF:6
LH:6
BRDA:83,0,0,17
BRDA:83,0,1,1
BRDA:103,1,0,3
BRDA:103,1,1,14
BRDA:105,2,0,2
BRDA:105,2,1,12
BRDA:113,3,0,17
BRDA:113,3,1,4
BRDA:113,3,2,2
BRDA:118,4,0,17
BRDA:118,4,1,2
BRDA:118,4,2,2
BRF:12
BRH:12
end_of_record
TN:
SF:src/components/forest/ForestList.tsx
FN:8,ForestList
FN:15,(anonymous_1)
FN:18,(anonymous_2)
FN:29,(anonymous_3)
FN:40,(anonymous_4)
FN:44,(anonymous_5)
FN:68,(anonymous_6)
FN:68,(anonymous_7)
FN:78,(anonymous_8)
FN:82,(anonymous_9)
FN:89,(anonymous_10)
FN:126,(anonymous_11)
FN:153,(anonymous_12)
FN:169,(anonymous_13)
FNF:14
FNH:0
FNDA:0,ForestList
FNDA:0,(anonymous_1)
FNDA:0,(anonymous_2)
FNDA:0,(anonymous_3)
FNDA:0,(anonymous_4)
FNDA:0,(anonymous_5)
FNDA:0,(anonymous_6)
FNDA:0,(anonymous_7)
FNDA:0,(anonymous_8)
FNDA:0,(anonymous_9)
FNDA:0,(anonymous_10)
FNDA:0,(anonymous_11)
FNDA:0,(anonymous_12)
FNDA:0,(anonymous_13)
DA:1,0
DA:9,0
DA:10,0
DA:11,0
DA:12,0
DA:13,0
DA:15,0
DA:16,0
DA:18,0
DA:19,0
DA:20,0
DA:21,0
DA:24,0
DA:30,0
DA:31,0
DA:33,0
DA:35,0
DA:40,0
DA:41,0
DA:44,0
DA:45,0
DA:46,0
DA:47,0
DA:49,0
DA:50,0
DA:53,0
DA:55,0
DA:62,0
DA:63,0
DA:64,0
DA:68,0
DA:70,0
DA:74,0
DA:78,0
DA:79,0
DA:82,0
DA:83,0
DA:86,0
DA:87,0
DA:90,0
DA:99,0
DA:100,0
DA:107,0
DA:108,0
DA:124,0
DA:127,0
DA:153,0
DA:170,0
DA:171,0
LF:49
LH:0
BRDA:19,0,0,0
BRDA:19,0,1,0
BRDA:30,1,0,0
BRDA:30,1,1,0
BRDA:33,2,0,0
BRDA:33,2,1,0
BRDA:62,3,0,0
BRDA:62,3,1,0
BRDA:64,4,0,0
BRDA:64,4,1,0
BRDA:71,5,0,0
BRDA:71,5,1,0
BRDA:86,6,0,0
BRDA:86,6,1,0
BRDA:99,7,0,0
BRDA:99,7,1,0
BRDA:107,8,0,0
BRDA:107,8,1,0
BRDA:139,9,0,0
BRDA:139,9,1,0
BRDA:140,10,0,0
BRDA:140,10,1,0
BRDA:141,11,0,0
BRDA:141,11,1,0
BRDA:149,12,0,0
BRDA:149,12,1,0
BRDA:157,13,0,0
BRDA:157,13,1,0
BRF:28
BRH:0
end_of_record
TN:
SF:src/components/forest/ForestView.tsx
FN:23,(anonymous_0)
FN:49,ForestView
FN:58,(anonymous_2)
FN:59,(anonymous_3)
FN:65,(anonymous_4)
FN:69,(anonymous_5)
FN:78,(anonymous_6)
FN:84,(anonymous_7)
FN:94,(anonymous_8)
FN:103,(anonymous_9)
FN:115,onAdd
FN:122,(anonymous_11)
FN:129,onRemove
FN:133,getDefaultPosition
FN:143,(anonymous_14)
FN:148,(anonymous_15)
FN:172,(anonymous_16)
FNF:17
FNH:0
FNDA:0,(anonymous_0)
FNDA:0,ForestView
FNDA:0,(anonymous_2)
FNDA:0,(anonymous_3)
FNDA:0,(anonymous_4)
FNDA:0,(anonymous_5)
FNDA:0,(anonymous_6)
FNDA:0,(anonymous_7)
FNDA:0,(anonymous_8)
FNDA:0,(anonymous_9)
FNDA:0,onAdd
FNDA:0,(anonymous_11)
FNDA:0,onRemove
FNDA:0,getDefaultPosition
FNDA:0,(anonymous_14)
FNDA:0,(anonymous_15)
FNDA:0,(anonymous_16)
DA:1,0
DA:23,0
DA:32,0
DA:50,0
DA:54,0
DA:56,0
DA:57,0
DA:58,0
DA:59,0
DA:62,0
DA:65,0
DA:66,0
DA:69,0
DA:70,0
DA:73,0
DA:74,0
DA:75,0
DA:78,0
DA:79,0
DA:81,0
DA:82,0
DA:84,0
DA:85,0
DA:86,0
DA:93,0
DA:94,0
DA:95,0
DA:102,0
DA:103,0
DA:104,0
DA:107,0
DA:108,0
DA:116,0
DA:117,0
DA:118,0
DA:119,0
DA:122,0
DA:123,0
DA:124,0
DA:126,0
DA:130,0
DA:134,0
DA:138,0
DA:139,0
DA:140,0
DA:143,0
DA:144,0
DA:146,0
DA:148,0
DA:149,0
DA:150,0
DA:151,0
DA:153,0
DA:157,0
DA:173,0
DA:174,0
LF:56
LH:0
BRDA:66,0,0,0
BRDA:66,0,1,0
BRDA:70,1,0,0
BRDA:70,1,1,0
BRDA:82,2,0,0
BRDA:82,2,1,0
BRDA:95,3,0,0
BRDA:95,3,1,0
BRDA:97,4,0,0
BRDA:97,4,1,0
BRDA:104,5,0,0
BRDA:104,5,1,0
BRDA:107,6,0,0
BRDA:107,6,1,0
BRDA:149,7,0,0
BRDA:149,7,1,0
BRDA:181,8,0,0
BRDA:181,8,1,0
BRF:18
BRH:0
end_of_record
TN:
SF:src/components/forest/OperationList.tsx
FN:34,capitalize
FN:38,formatDisplayDevClass
FN:41,(anonymous_2)
FN:45,naturalCompare
FN:63,OperationList
FN:64,(anonymous_5)
FN:65,(anonymous_6)
FN:66,(anonymous_7)
FN:67,(anonymous_8)
FN:68,(anonymous_9)
FN:69,(anonymous_10)
FN:70,(anonymous_11)
FN:71,(anonymous_12)
FN:72,(anonymous_13)
FN:73,(anonymous_14)
FN:76,(anonymous_15)
FN:84,(anonymous_16)
FN:86,(anonymous_17)
FN:88,(anonymous_18)
FN:91,(anonymous_19)
FN:92,(anonymous_20)
FN:100,(anonymous_21)
FN:102,(anonymous_22)
FN:105,(anonymous_23)
FN:106,(anonymous_24)
FN:114,(anonymous_25)
FN:118,(anonymous_26)
FN:120,(anonymous_27)
FN:121,(anonymous_28)
FN:129,(anonymous_29)
FN:147,(anonymous_30)
FN:154,(anonymous_31)
FN:156,(anonymous_32)
FN:164,(anonymous_33)
FN:180,(anonymous_34)
FN:210,(anonymous_35)
FN:232,(anonymous_36)
FN:251,(anonymous_37)
FN:261,(anonymous_38)
FN:262,(anonymous_39)
FN:273,(anonymous_40)
FN:283,(anonymous_41)
FN:284,(anonymous_42)
FN:290,(anonymous_43)
FN:291,(anonymous_44)
FN:292,(anonymous_45)
FN:294,(anonymous_46)
FN:297,(anonymous_47)
FN:299,(anonymous_48)
FN:304,(anonymous_49)
FN:318,(anonymous_50)
FN:322,(anonymous_51)
FN:338,(anonymous_52)
FN:376,(anonymous_53)
FN:384,(anonymous_54)
FN:394,(anonymous_55)
FN:399,(anonymous_56)
FN:414,(anonymous_57)
FN:419,(anonymous_58)
FN:433,(anonymous_59)
FN:442,(anonymous_60)
FN:462,(anonymous_61)
FN:465,(anonymous_62)
FN:468,(anonymous_63)
FN:471,(anonymous_64)
FN:474,(anonymous_65)
FN:480,(anonymous_66)
FN:491,(anonymous_67)
FN:496,(anonymous_68)
FN:500,(anonymous_69)
FN:510,(anonymous_70)
FN:522,(anonymous_71)
FN:548,(anonymous_72)
FNF:73
FNH:27
FNDA:14,capitalize
FNDA:2,formatDisplayDevClass
FNDA:4,(anonymous_2)
FNDA:0,naturalCompare
FNDA:3,OperationList
FNDA:9,(anonymous_5)
FNDA:9,(anonymous_6)
FNDA:9,(anonymous_7)
FNDA:9,(anonymous_8)
FNDA:9,(anonymous_9)
FNDA:9,(anonymous_10)
FNDA:9,(anonymous_11)
FNDA:9,(anonymous_12)
FNDA:9,(anonymous_13)
FNDA:9,(anonymous_14)
FNDA:3,(anonymous_15)
FNDA:0,(anonymous_16)
FNDA:0,(anonymous_17)
FNDA:3,(anonymous_18)
FNDA:0,(anonymous_19)
FNDA:0,(anonymous_20)
FNDA:0,(anonymous_21)
FNDA:3,(anonymous_22)
FNDA:0,(anonymous_23)
FNDA:0,(anonymous_24)
FNDA:0,(anonymous_25)
FNDA:0,(anonymous_26)
FNDA:0,(anonymous_27)
FNDA:0,(anonymous_28)
FNDA:3,(anonymous_29)
FNDA:3,(anonymous_30)
FNDA:0,(anonymous_31)
FNDA:0,(anonymous_32)
FNDA:3,(anonymous_33)
FNDA:0,(anonymous_34)
FNDA:0,(anonymous_35)
FNDA:0,(anonymous_36)
FNDA:0,(anonymous_37)
FNDA:0,(anonymous_38)
FNDA:0,(anonymous_39)
FNDA:0,(anonymous_40)
FNDA:3,(anonymous_41)
FNDA:2,(anonymous_42)
FNDA:0,(anonymous_43)
FNDA:0,(anonymous_44)
FNDA:0,(anonymous_45)
FNDA:0,(anonymous_46)
FNDA:0,(anonymous_47)
FNDA:0,(anonymous_48)
FNDA:0,(anonymous_49)
FNDA:12,(anonymous_50)
FNDA:0,(anonymous_51)
FNDA:0,(anonymous_52)
FNDA:0,(anonymous_53)
FNDA:0,(anonymous_54)
FNDA:18,(anonymous_55)
FNDA:0,(anonymous_56)
FNDA:12,(anonymous_57)
FNDA:0,(anonymous_58)
FNDA:0,(anonymous_59)
FNDA:0,(anonymous_60)
FNDA:0,(anonymous_61)
FNDA:0,(anonymous_62)
FNDA:0,(anonymous_63)
FNDA:0,(anonymous_64)
FNDA:0,(anonymous_65)
FNDA:0,(anonymous_66)
FNDA:0,(anonymous_67)
FNDA:20,(anonymous_68)
FNDA:0,(anonymous_69)
FNDA:2,(anonymous_70)
FNDA:0,(anonymous_71)
FNDA:0,(anonymous_72)
DA:1,1
DA:12,1
DA:17,1
DA:21,1
DA:35,14
DA:39,2
DA:41,4
DA:44,1
DA:46,0
DA:50,1
DA:64,9
DA:65,9
DA:66,9
DA:67,9
DA:68,9
DA:69,9
DA:70,9
DA:71,9
DA:72,9
DA:73,9
DA:76,3
DA:77,3
DA:78,3
DA:79,3
DA:83,3
DA:84,3
DA:85,3
DA:86,3
DA:88,3
DA:89,3
DA:91,3
DA:92,0
DA:93,0
DA:94,0
DA:95,0
DA:99,3
DA:100,3
DA:102,3
DA:103,3
DA:105,3
DA:106,0
DA:107,0
DA:108,0
DA:109,0
DA:113,3
DA:114,3
DA:117,3
DA:118,3
DA:119,3
DA:120,3
DA:121,0
DA:122,0
DA:123,0
DA:124,0
DA:129,3
DA:130,3
DA:131,0
DA:132,0
DA:133,0
DA:134,0
DA:135,0
DA:137,0
DA:138,0
DA:139,0
DA:141,0
DA:146,3
DA:147,3
DA:148,3
DA:149,3
DA:150,0
DA:154,3
DA:155,0
DA:156,0
DA:158,0
DA:159,0
DA:164,3
DA:165,3
DA:166,3
DA:167,2
DA:168,2
DA:169,2
DA:170,2
DA:171,2
DA:172,0
DA:174,2
DA:177,3
DA:180,3
DA:181,0
DA:182,0
DA:183,0
DA:184,0
DA:187,0
DA:190,0
DA:191,0
DA:192,0
DA:193,0
DA:194,0
DA:195,0
DA:198,0
DA:199,0
DA:200,0
DA:201,0
DA:202,0
DA:203,0
DA:205,0
DA:207,0
DA:209,0
DA:210,0
DA:212,0
DA:216,0
DA:219,0
DA:220,0
DA:225,0
DA:227,0
DA:228,0
DA:230,0
DA:231,0
DA:232,0
DA:235,0
DA:236,0
DA:240,0
DA:241,0
DA:242,0
DA:243,0
DA:245,0
DA:247,0
DA:251,3
DA:252,0
DA:253,0
DA:254,0
DA:256,0
DA:258,0
DA:261,3
DA:262,0
DA:263,0
DA:264,0
DA:265,0
DA:266,0
DA:270,3
DA:273,3
DA:274,0
DA:275,0
DA:276,0
DA:277,0
DA:278,0
DA:279,0
DA:283,3
DA:284,3
DA:285,2
DA:286,2
DA:290,3
DA:291,3
DA:292,3
DA:293,3
DA:294,0
DA:296,3
DA:297,0
DA:298,0
DA:299,0
DA:302,3
DA:303,0
DA:304,0
DA:305,0
DA:306,0
DA:318,3
DA:319,12
DA:322,3
DA:323,0
DA:324,0
DA:325,0
DA:326,0
DA:327,0
DA:328,0
DA:329,0
DA:330,0
DA:331,0
DA:332,0
DA:333,0
DA:334,0
DA:338,3
DA:339,0
DA:340,0
DA:341,0
DA:342,0
DA:345,0
DA:347,0
DA:348,0
DA:351,0
DA:354,3
DA:357,3
DA:358,1
DA:366,2
DA:376,0
DA:384,0
DA:395,18
DA:399,0
DA:415,12
DA:419,0
DA:433,0
DA:442,0
DA:462,0
DA:466,0
DA:468,0
DA:472,0
DA:474,0
DA:480,0
DA:491,0
DA:497,20
DA:500,0
DA:511,2
DA:512,2
DA:513,2
DA:514,2
DA:516,2
DA:522,0
DA:549,0
DA:550,0
LF:217
LH:89
BRDA:46,0,0,0
BRDA:46,0,1,0
BRDA:46,1,0,0
BRDA:46,1,1,0
BRDA:93,2,0,0
BRDA:93,2,1,0
BRDA:107,3,0,0
BRDA:107,3,1,0
BRDA:122,4,0,0
BRDA:122,4,1,0
BRDA:130,5,0,0
BRDA:130,5,1,3
BRDA:132,6,0,0
BRDA:132,6,1,0
BRDA:132,7,0,0
BRDA:132,7,1,0
BRDA:137,8,0,0
BRDA:137,8,1,0
BRDA:138,9,0,0
BRDA:138,9,1,0
BRDA:138,10,0,0
BRDA:138,10,1,0
BRDA:141,11,0,0
BRDA:141,11,1,0
BRDA:149,12,0,0
BRDA:149,12,1,3
BRDA:149,13,0,3
BRDA:149,13,1,2
BRDA:155,14,0,0
BRDA:155,14,1,0
BRDA:156,15,0,0
BRDA:156,15,1,0
BRDA:168,16,0,0
BRDA:168,16,1,2
BRDA:171,17,0,0
BRDA:171,17,1,2
BRDA:181,18,0,0
BRDA:181,18,1,0
BRDA:187,19,0,0
BRDA:187,19,1,0
BRDA:187,20,0,0
BRDA:187,20,1,0
BRDA:193,21,0,0
BRDA:193,21,1,0
BRDA:193,22,0,0
BRDA:193,22,1,0
BRDA:200,23,0,0
BRDA:200,23,1,0
BRDA:200,24,0,0
BRDA:200,24,1,0
BRDA:207,25,0,0
BRDA:207,25,1,0
BRDA:209,26,0,0
BRDA:209,26,1,0
BRDA:225,27,0,0
BRDA:225,27,1,0
BRDA:228,28,0,0
BRDA:228,28,1,0
BRDA:230,29,0,0
BRDA:230,29,1,0
BRDA:235,30,0,0
BRDA:235,30,1,0
BRDA:243,31,0,0
BRDA:243,31,1,0
BRDA:252,32,0,0
BRDA:252,32,1,0
BRDA:264,33,0,0
BRDA:264,33,1,0
BRDA:270,34,0,3
BRDA:270,34,1,3
BRDA:270,34,2,3
BRDA:270,34,3,3
BRDA:270,34,4,3
BRDA:270,34,5,3
BRDA:290,35,0,0
BRDA:290,35,1,3
BRDA:291,36,0,0
BRDA:291,36,1,3
BRDA:292,37,0,0
BRDA:292,37,1,3
BRDA:293,38,0,0
BRDA:293,38,1,3
BRDA:293,39,0,3
BRDA:293,39,1,0
BRDA:294,40,0,0
BRDA:294,40,1,0
BRDA:294,41,0,0
BRDA:294,41,1,0
BRDA:296,42,0,0
BRDA:296,42,1,3
BRDA:298,43,0,0
BRDA:298,43,1,0
BRDA:299,44,0,0
BRDA:299,44,1,0
BRDA:302,45,0,0
BRDA:302,45,1,3
BRDA:307,46,0,0
BRDA:307,46,1,0
BRDA:307,46,2,0
BRDA:307,46,3,0
BRDA:307,46,4,0
BRDA:311,47,0,0
BRDA:311,47,1,0
BRDA:319,48,0,12
BRDA:319,48,1,9
BRDA:323,49,0,0
BRDA:323,49,1,0
BRDA:323,49,2,0
BRDA:323,49,3,0
BRDA:323,49,4,0
BRDA:323,49,5,0
BRDA:323,49,6,0
BRDA:323,49,7,0
BRDA:323,49,8,0
BRDA:323,49,9,0
BRDA:323,49,10,0
BRDA:324,50,0,0
BRDA:324,50,1,0
BRDA:327,51,0,0
BRDA:327,51,1,0
BRDA:328,52,0,0
BRDA:328,52,1,0
BRDA:329,53,0,0
BRDA:329,53,1,0
BRDA:330,54,0,0
BRDA:330,54,1,0
BRDA:331,55,0,0
BRDA:331,55,1,0
BRDA:332,56,0,0
BRDA:332,56,1,0
BRDA:333,57,0,0
BRDA:333,57,1,0
BRDA:342,58,0,0
BRDA:342,58,1,0
BRDA:342,59,0,0
BRDA:342,59,1,0
BRDA:345,60,0,0
BRDA:345,60,1,0
BRDA:347,61,0,0
BRDA:347,61,1,0
BRDA:347,62,0,0
BRDA:347,62,1,0
BRDA:357,63,0,1
BRDA:357,63,1,2
BRDA:375,64,0,2
BRDA:375,64,1,2
BRDA:376,65,0,0
BRDA:376,65,1,0
BRDA:383,66,0,3
BRDA:383,66,1,2
BRDA:384,67,0,0
BRDA:384,67,1,0
BRDA:391,68,0,0
BRDA:391,68,1,2
BRDA:411,69,0,0
BRDA:411,69,1,2
BRDA:446,70,0,3
BRDA:446,70,1,0
BRDA:457,71,0,3
BRDA:457,71,1,0
BRDA:459,72,0,0
BRDA:459,72,1,0
BRDA:459,72,2,0
BRDA:461,73,0,0
BRDA:461,73,1,0
BRDA:461,74,0,0
BRDA:461,74,1,0
BRDA:477,75,0,0
BRDA:477,75,1,0
BRDA:503,76,0,20
BRDA:503,76,1,0
BRDA:503,77,0,0
BRDA:503,77,1,0
BRDA:511,78,0,2
BRDA:511,78,1,0
BRDA:514,79,0,2
BRDA:514,79,1,2
BRDA:520,80,0,0
BRDA:520,80,1,2
BRDA:527,81,0,2
BRDA:527,81,1,0
BRDA:528,82,0,2
BRDA:528,82,1,0
BRDA:529,83,0,2
BRDA:529,83,1,0
BRDA:531,84,0,2
BRDA:531,84,1,0
BRDA:534,85,0,2
BRDA:534,85,1,0
BRDA:534,86,0,2
BRDA:534,86,1,2
BRDA:539,87,0,0
BRDA:539,87,1,2
BRDA:539,88,0,2
BRDA:539,88,1,0
BRDA:544,89,0,2
BRDA:544,89,1,0
BRDA:563,90,0,3
BRDA:563,90,1,0
BRDA:563,90,2,0
BRDA:573,91,0,0
BRDA:573,91,1,2
BRF:202
BRH:48
end_of_record
TN:
SF:src/components/forest/StandList.tsx
FN:43,capitalize
FN:47,formatDisplayDevClass
FN:50,(anonymous_2)
FN:55,naturalCompare
FN:78,StandList
FN:79,(anonymous_5)
FN:80,(anonymous_6)
FN:81,(anonymous_7)
FN:82,(anonymous_8)
FN:83,(anonymous_9)
FN:84,(anonymous_10)
FN:85,(anonymous_11)
FN:86,(anonymous_12)
FN:87,(anonymous_13)
FN:90,(anonymous_14)
FN:93,(anonymous_15)
FN:94,(anonymous_16)
FN:102,(anonymous_17)
FN:104,(anonymous_18)
FN:105,(anonymous_19)
FN:113,(anonymous_20)
FN:116,(anonymous_21)
FN:117,(anonymous_22)
FN:123,(anonymous_23)
FN:126,(anonymous_24)
FN:127,(anonymous_25)
FN:133,(anonymous_26)
FN:136,(anonymous_27)
FN:137,(anonymous_28)
FN:145,(anonymous_29)
FN:147,(anonymous_30)
FN:149,(anonymous_31)
FN:151,(anonymous_32)
FN:153,(anonymous_33)
FN:155,(anonymous_34)
FN:157,(anonymous_35)
FN:160,(anonymous_36)
FN:179,(anonymous_37)
FN:186,(anonymous_38)
FN:187,(anonymous_39)
FN:198,(anonymous_40)
FN:200,(anonymous_41)
FN:207,(anonymous_42)
FN:217,(anonymous_43)
FN:218,(anonymous_44)
FN:231,(anonymous_45)
FN:245,(anonymous_46)
FN:255,(anonymous_47)
FN:256,(anonymous_48)
FN:268,(anonymous_49)
FN:282,(anonymous_50)
FN:287,(anonymous_51)
FN:290,(anonymous_52)
FN:293,(anonymous_53)
FN:295,(anonymous_54)
FN:296,(anonymous_55)
FN:297,(anonymous_56)
FN:298,(anonymous_57)
FN:299,(anonymous_58)
FN:300,(anonymous_59)
FN:303,(anonymous_60)
FN:314,(anonymous_61)
FN:327,(anonymous_62)
FN:328,(anonymous_63)
FN:367,(anonymous_64)
FN:372,(anonymous_65)
FN:387,(anonymous_66)
FN:392,(anonymous_67)
FN:407,(anonymous_68)
FN:412,(anonymous_69)
FN:426,(anonymous_70)
FN:434,(anonymous_71)
FN:443,(anonymous_72)
FN:452,(anonymous_73)
FN:462,(anonymous_74)
FN:470,(anonymous_75)
FN:479,(anonymous_76)
FN:496,(anonymous_77)
FN:499,(anonymous_78)
FN:502,(anonymous_79)
FN:505,(anonymous_80)
FN:508,(anonymous_81)
FN:511,(anonymous_82)
FN:517,(anonymous_83)
FN:523,(anonymous_84)
FN:529,(anonymous_85)
FN:535,(anonymous_86)
FN:546,(anonymous_87)
FN:552,(anonymous_88)
FN:556,(anonymous_89)
FN:566,(anonymous_90)
FN:576,(anonymous_91)
FN:580,(anonymous_92)
FN:599,(anonymous_93)
FN:684,(anonymous_94)
FNF:95
FNH:37
FNDA:86,capitalize
FNDA:54,formatDisplayDevClass
FNDA:108,(anonymous_2)
FNDA:5,naturalCompare
FNDA:7,StandList
FNDA:22,(anonymous_5)
FNDA:22,(anonymous_6)
FNDA:22,(anonymous_7)
FNDA:22,(anonymous_8)
FNDA:22,(anonymous_9)
FNDA:22,(anonymous_10)
FNDA:22,(anonymous_11)
FNDA:22,(anonymous_12)
FNDA:22,(anonymous_13)
FNDA:5,(anonymous_14)
FNDA:1,(anonymous_15)
FNDA:1,(anonymous_16)
FNDA:0,(anonymous_17)
FNDA:0,(anonymous_18)
FNDA:0,(anonymous_19)
FNDA:5,(anonymous_20)
FNDA:0,(anonymous_21)
FNDA:0,(anonymous_22)
FNDA:5,(anonymous_23)
FNDA:0,(anonymous_24)
FNDA:0,(anonymous_25)
FNDA:5,(anonymous_26)
FNDA:0,(anonymous_27)
FNDA:0,(anonymous_28)
FNDA:0,(anonymous_29)
FNDA:0,(anonymous_30)
FNDA:0,(anonymous_31)
FNDA:0,(anonymous_32)
FNDA:0,(anonymous_33)
FNDA:0,(anonymous_34)
FNDA:0,(anonymous_35)
FNDA:5,(anonymous_36)
FNDA:5,(anonymous_37)
FNDA:1,(anonymous_38)
FNDA:1,(anonymous_39)
FNDA:0,(anonymous_40)
FNDA:0,(anonymous_41)
FNDA:1,(anonymous_42)
FNDA:0,(anonymous_43)
FNDA:0,(anonymous_44)
FNDA:0,(anonymous_45)
FNDA:0,(anonymous_46)
FNDA:0,(anonymous_47)
FNDA:0,(anonymous_48)
FNDA:0,(anonymous_49)
FNDA:6,(anonymous_50)
FNDA:0,(anonymous_51)
FNDA:0,(anonymous_52)
FNDA:0,(anonymous_53)
FNDA:0,(anonymous_54)
FNDA:0,(anonymous_55)
FNDA:0,(anonymous_56)
FNDA:0,(anonymous_57)
FNDA:0,(anonymous_58)
FNDA:0,(anonymous_59)
FNDA:0,(anonymous_60)
FNDA:5,(anonymous_61)
FNDA:20,(anonymous_62)
FNDA:10,(anonymous_63)
FNDA:36,(anonymous_64)
FNDA:0,(anonymous_65)
FNDA:42,(anonymous_66)
FNDA:0,(anonymous_67)
FNDA:24,(anonymous_68)
FNDA:0,(anonymous_69)
FNDA:0,(anonymous_70)
FNDA:0,(anonymous_71)
FNDA:0,(anonymous_72)
FNDA:0,(anonymous_73)
FNDA:0,(anonymous_74)
FNDA:0,(anonymous_75)
FNDA:0,(anonymous_76)
FNDA:0,(anonymous_77)
FNDA:0,(anonymous_78)
FNDA:0,(anonymous_79)
FNDA:0,(anonymous_80)
FNDA:0,(anonymous_81)
FNDA:0,(anonymous_82)
FNDA:0,(anonymous_83)
FNDA:0,(anonymous_84)
FNDA:0,(anonymous_85)
FNDA:0,(anonymous_86)
FNDA:0,(anonymous_87)
FNDA:48,(anonymous_88)
FNDA:0,(anonymous_89)
FNDA:24,(anonymous_90)
FNDA:1,(anonymous_91)
FNDA:1,(anonymous_92)
FNDA:0,(anonymous_93)
FNDA:24,(anonymous_94)
DA:1,1
DA:21,1
DA:26,1
DA:28,1
DA:32,1
DA:44,86
DA:48,54
DA:50,108
DA:54,1
DA:56,5
DA:60,1
DA:79,22
DA:80,22
DA:81,22
DA:82,22
DA:83,22
DA:84,22
DA:85,22
DA:86,22
DA:87,22
DA:90,7
DA:91,5
DA:93,7
DA:94,1
DA:95,1
DA:96,1
DA:97,1
DA:101,7
DA:102,7
DA:103,7
DA:104,7
DA:105,0
DA:106,0
DA:107,0
DA:108,0
DA:113,7
DA:114,5
DA:116,7
DA:117,0
DA:118,0
DA:119,0
DA:120,0
DA:123,7
DA:124,5
DA:126,7
DA:127,0
DA:128,0
DA:129,0
DA:130,0
DA:133,7
DA:134,5
DA:136,7
DA:137,0
DA:138,0
DA:139,0
DA:140,0
DA:144,7
DA:145,7
DA:146,7
DA:147,7
DA:148,7
DA:149,7
DA:150,7
DA:151,7
DA:152,7
DA:153,7
DA:154,7
DA:155,7
DA:156,7
DA:157,7
DA:160,7
DA:161,5
DA:162,0
DA:163,0
DA:164,0
DA:165,0
DA:166,0
DA:167,0
DA:168,0
DA:169,0
DA:170,0
DA:171,0
DA:173,0
DA:178,7
DA:179,7
DA:180,5
DA:181,5
DA:182,0
DA:186,7
DA:187,1
DA:188,1
DA:189,1
DA:190,0
DA:192,1
DA:194,1
DA:198,7
DA:199,0
DA:200,0
DA:202,0
DA:203,0
DA:207,7
DA:208,1
DA:209,1
DA:210,1
DA:213,1
DA:216,0
DA:217,0
DA:218,0
DA:219,0
DA:220,0
DA:221,0
DA:222,0
DA:223,0
DA:224,0
DA:226,0
DA:228,1
DA:230,0
DA:231,0
DA:233,0
DA:237,1
DA:240,1
DA:241,1
DA:245,7
DA:246,0
DA:247,0
DA:248,0
DA:250,0
DA:252,0
DA:255,7
DA:256,0
DA:257,0
DA:258,0
DA:259,0
DA:260,0
DA:264,7
DA:268,7
DA:269,0
DA:270,0
DA:271,0
DA:272,0
DA:273,0
DA:274,0
DA:275,0
DA:276,0
DA:277,0
DA:278,0
DA:282,7
DA:283,6
DA:286,6
DA:287,0
DA:289,6
DA:290,0
DA:292,6
DA:293,0
DA:295,6
DA:296,6
DA:297,6
DA:298,6
DA:299,6
DA:300,6
DA:301,6
DA:302,0
DA:303,0
DA:305,0
DA:313,6
DA:314,6
DA:315,5
DA:316,5
DA:317,5
DA:320,5
DA:325,6
DA:326,6
DA:327,20
DA:328,10
DA:330,10
DA:332,10
DA:333,3
DA:334,6
DA:336,3
DA:337,3
DA:339,3
DA:340,0
DA:344,6
DA:348,7
DA:349,1
DA:356,6
DA:368,36
DA:372,0
DA:388,42
DA:392,0
DA:408,24
DA:412,0
DA:426,0
DA:434,0
DA:443,0
DA:452,0
DA:462,0
DA:470,0
DA:479,0
DA:497,0
DA:499,0
DA:503,0
DA:505,0
DA:509,0
DA:511,0
DA:517,0
DA:523,0
DA:529,0
DA:535,0
DA:546,0
DA:553,48
DA:556,0
DA:567,24
DA:568,12
DA:569,12
DA:570,12
DA:576,1
DA:581,1
DA:582,1
DA:600,0
DA:601,0
DA:613,12
DA:614,8
DA:632,4
DA:633,4
DA:660,0
DA:661,0
DA:671,0
DA:684,24
LF:229
LH:129
BRDA:56,0,0,5
BRDA:56,0,1,0
BRDA:56,1,0,5
BRDA:56,1,1,0
BRDA:95,2,0,1
BRDA:95,2,1,0
BRDA:106,3,0,0
BRDA:106,3,1,0
BRDA:118,4,0,0
BRDA:118,4,1,0
BRDA:128,5,0,0
BRDA:128,5,1,0
BRDA:138,6,0,0
BRDA:138,6,1,0
BRDA:161,7,0,0
BRDA:161,7,1,5
BRDA:163,8,0,0
BRDA:163,8,1,0
BRDA:164,9,0,0
BRDA:164,9,1,0
BRDA:165,10,0,0
BRDA:165,10,1,0
BRDA:166,11,0,0
BRDA:166,11,1,0
BRDA:167,12,0,0
BRDA:167,12,1,0
BRDA:168,13,0,0
BRDA:168,13,1,0
BRDA:169,14,0,0
BRDA:169,14,1,0
BRDA:170,15,0,0
BRDA:170,15,1,0
BRDA:171,16,0,0
BRDA:171,16,1,0
BRDA:181,17,0,0
BRDA:181,17,1,5
BRDA:181,18,0,5
BRDA:181,18,1,4
BRDA:189,19,0,0
BRDA:189,19,1,1
BRDA:199,20,0,0
BRDA:199,20,1,0
BRDA:200,21,0,0
BRDA:200,21,1,0
BRDA:208,22,0,1
BRDA:208,22,1,1
BRDA:213,23,0,0
BRDA:213,23,1,1
BRDA:213,24,0,1
BRDA:213,24,1,0
BRDA:221,25,0,0
BRDA:221,25,1,0
BRDA:221,26,0,0
BRDA:221,26,1,0
BRDA:228,27,0,0
BRDA:228,27,1,1
BRDA:230,28,0,0
BRDA:230,28,1,0
BRDA:246,29,0,0
BRDA:246,29,1,0
BRDA:258,30,0,0
BRDA:258,30,1,0
BRDA:264,31,0,7
BRDA:264,31,1,7
BRDA:264,31,2,7
BRDA:264,31,3,7
BRDA:264,31,4,7
BRDA:264,31,5,7
BRDA:264,31,6,7
BRDA:264,31,7,7
BRDA:264,31,8,7
BRDA:264,31,9,7
BRDA:286,32,0,0
BRDA:286,32,1,6
BRDA:287,33,0,0
BRDA:287,33,1,0
BRDA:289,34,0,0
BRDA:289,34,1,6
BRDA:290,35,0,0
BRDA:290,35,1,0
BRDA:292,36,0,0
BRDA:292,36,1,6
BRDA:293,37,0,0
BRDA:293,37,1,0
BRDA:295,38,0,0
BRDA:295,38,1,6
BRDA:295,39,0,0
BRDA:295,39,1,0
BRDA:296,40,0,0
BRDA:296,40,1,6
BRDA:296,41,0,0
BRDA:296,41,1,0
BRDA:297,42,0,0
BRDA:297,42,1,6
BRDA:297,43,0,0
BRDA:297,43,1,0
BRDA:298,44,0,0
BRDA:298,44,1,6
BRDA:298,45,0,0
BRDA:298,45,1,0
BRDA:299,46,0,0
BRDA:299,46,1,6
BRDA:299,47,0,0
BRDA:299,47,1,0
BRDA:300,48,0,0
BRDA:300,48,1,6
BRDA:300,49,0,0
BRDA:300,49,1,0
BRDA:301,50,0,0
BRDA:301,50,1,6
BRDA:305,51,0,0
BRDA:305,51,1,0
BRDA:305,51,2,0
BRDA:305,51,3,0
BRDA:308,52,0,0
BRDA:308,52,1,0
BRDA:313,53,0,6
BRDA:313,53,1,0
BRDA:315,54,0,5
BRDA:315,54,1,0
BRDA:316,55,0,5
BRDA:316,55,1,0
BRDA:317,56,0,0
BRDA:317,56,1,5
BRDA:317,57,0,5
BRDA:317,57,1,0
BRDA:320,58,0,5
BRDA:320,58,1,0
BRDA:332,59,0,3
BRDA:332,59,1,7
BRDA:339,60,0,0
BRDA:339,60,1,3
BRDA:339,61,0,3
BRDA:339,61,1,0
BRDA:348,62,0,1
BRDA:348,62,1,6
BRDA:364,63,0,0
BRDA:364,63,1,6
BRDA:384,64,0,0
BRDA:384,64,1,6
BRDA:404,65,0,0
BRDA:404,65,1,6
BRDA:425,66,0,7
BRDA:425,66,1,6
BRDA:426,67,0,0
BRDA:426,67,1,0
BRDA:433,68,0,7
BRDA:433,68,1,6
BRDA:434,69,0,0
BRDA:434,69,1,0
BRDA:442,70,0,7
BRDA:442,70,1,6
BRDA:443,71,0,0
BRDA:443,71,1,0
BRDA:451,72,0,7
BRDA:451,72,1,6
BRDA:452,73,0,0
BRDA:452,73,1,0
BRDA:461,74,0,7
BRDA:461,74,1,6
BRDA:462,75,0,0
BRDA:462,75,1,0
BRDA:469,76,0,7
BRDA:469,76,1,6
BRDA:470,77,0,0
BRDA:470,77,1,0
BRDA:483,78,0,7
BRDA:483,78,1,0
BRDA:494,79,0,7
BRDA:494,79,1,0
BRDA:514,80,0,0
BRDA:514,80,1,0
BRDA:520,81,0,0
BRDA:520,81,1,0
BRDA:526,82,0,0
BRDA:526,82,1,0
BRDA:532,83,0,0
BRDA:532,83,1,0
BRDA:559,84,0,48
BRDA:559,84,1,6
BRDA:559,85,0,6
BRDA:559,85,1,0
BRDA:567,86,0,12
BRDA:567,86,1,12
BRDA:574,87,0,1
BRDA:574,87,1,11
BRDA:586,88,0,4
BRDA:586,88,1,8
BRDA:590,89,0,12
BRDA:590,89,1,0
BRDA:591,90,0,12
BRDA:591,90,1,0
BRDA:592,91,0,12
BRDA:592,91,1,0
BRDA:593,92,0,12
BRDA:593,92,1,0
BRDA:594,93,0,12
BRDA:594,93,1,0
BRDA:595,94,0,12
BRDA:595,94,1,0
BRDA:596,95,0,12
BRDA:596,95,1,12
BRDA:613,96,0,8
BRDA:613,96,1,4
BRDA:620,97,0,8
BRDA:620,97,1,0
BRDA:621,98,0,8
BRDA:621,98,1,0
BRDA:623,99,0,8
BRDA:623,99,1,0
BRDA:632,100,0,4
BRDA:632,100,1,0
BRDA:641,101,0,4
BRDA:641,101,1,0
BRDA:644,102,0,4
BRDA:644,102,1,0
BRDA:644,103,0,4
BRDA:644,103,1,4
BRDA:649,104,0,0
BRDA:649,104,1,4
BRDA:649,105,0,4
BRDA:649,105,1,0
BRDA:660,106,0,0
BRDA:660,106,1,0
BRDA:675,107,0,7
BRDA:675,107,1,0
BRDA:675,107,2,0
BRDA:685,108,0,0
BRDA:685,108,1,6
BRF:229
BRH:93
end_of_record
TN:
SF:src/components/import/ImportProgress.tsx
FN:41,ImportProgress
FN:54,(anonymous_1)
FN:64,(anonymous_2)
FNF:3
FNH:0
FNDA:0,ImportProgress
FNDA:0,(anonymous_1)
FNDA:0,(anonymous_2)
DA:1,0
DA:19,0
DA:31,0
DA:45,0
DA:49,0
DA:53,0
DA:54,0
DA:56,0
DA:65,0
LF:9
LH:0
BRDA:45,0,0,0
BRDA:45,0,1,0
BRDA:45,1,0,0
BRDA:45,1,1,0
BRDA:49,2,0,0
BRDA:49,2,1,0
BRDA:49,2,2,0
BRDA:53,3,0,0
BRDA:53,3,1,0
BRDA:58,4,0,0
BRDA:58,4,1,0
BRDA:60,5,0,0
BRDA:60,5,1,0
BRDA:66,6,0,0
BRDA:66,6,1,0
BRDA:68,7,0,0
BRDA:68,7,1,0
BRDA:77,8,0,0
BRDA:77,8,1,0
BRDA:79,9,0,0
BRDA:79,9,1,0
BRF:21
BRH:0
end_of_record
TN:
SF:src/components/layout/MainTabBar.tsx
FN:12,MainTabBar
FN:13,(anonymous_1)
FN:14,(anonymous_2)
FN:18,(anonymous_3)
FN:21,(anonymous_4)
FNF:5
FNH:5
FNDA:4,MainTabBar
FNDA:13,(anonymous_1)
FNDA:13,(anonymous_2)
FNDA:12,(anonymous_3)
FNDA:1,(anonymous_4)
DA:1,1
DA:6,1
DA:13,13
DA:14,13
DA:16,4
DA:19,12
DA:21,1
LF:7
LH:7
BRDA:23,0,0,4
BRDA:23,0,1,8
BRDA:27,1,0,4
BRDA:27,1,1,8
BRF:4
BRH:4
end_of_record
TN:
SF:src/components/layout/PanelLayout.tsx
FN:23,loadWidths
FN:33,saveWidths
FN:42,ChartBadgeButton
FN:51,(anonymous_3)
FN:64,TabContainer
FN:65,(anonymous_5)
FN:87,PanelLayout
FN:94,(anonymous_7)
FN:102,(anonymous_8)
FN:106,(anonymous_9)
FN:107,(anonymous_10)
FN:110,(anonymous_11)
FN:111,(anonymous_12)
FN:176,(anonymous_13)
FN:218,(anonymous_14)
FNF:15
FNH:0
FNDA:0,loadWidths
FNDA:0,saveWidths
FNDA:0,ChartBadgeButton
FNDA:0,(anonymous_3)
FNDA:0,TabContainer
FNDA:0,(anonymous_5)
FNDA:0,PanelLayout
FNDA:0,(anonymous_7)
FNDA:0,(anonymous_8)
FNDA:0,(anonymous_9)
FNDA:0,(anonymous_10)
FNDA:0,(anonymous_11)
FNDA:0,(anonymous_12)
FNDA:0,(anonymous_13)
FNDA:0,(anonymous_14)
DA:1,0
DA:21,0
DA:24,0
DA:25,0
DA:26,0
DA:30,0
DA:34,0
DA:35,0
DA:51,0
DA:52,0
DA:65,0
DA:67,0
DA:92,0
DA:93,0
DA:94,0
DA:96,0
DA:97,0
DA:98,0
DA:99,0
DA:102,0
DA:103,0
DA:106,0
DA:107,0
DA:110,0
DA:111,0
DA:115,0
DA:116,0
DA:151,0
DA:152,0
DA:176,0
DA:187,0
DA:218,0
LF:32
LH:0
BRDA:26,0,0,0
BRDA:26,0,1,0
BRDA:55,1,0,0
BRDA:55,1,1,0
BRDA:72,2,0,0
BRDA:72,2,1,0
BRDA:76,3,0,0
BRDA:76,3,1,0
BRDA:79,4,0,0
BRDA:79,4,1,0
BRDA:115,5,0,0
BRDA:115,5,1,0
BRDA:121,6,0,0
BRDA:121,6,1,0
BRDA:127,7,0,0
BRDA:127,7,1,0
BRDA:140,8,0,0
BRDA:140,8,1,0
BRDA:151,9,0,0
BRDA:151,9,1,0
BRDA:161,10,0,0
BRDA:161,10,1,0
BRDA:161,10,2,0
BRDA:168,11,0,0
BRDA:168,11,1,0
BRDA:174,12,0,0
BRDA:174,12,1,0
BRDA:177,13,0,0
BRDA:177,13,1,0
BRDA:190,14,0,0
BRDA:190,14,1,0
BRDA:195,15,0,0
BRDA:195,15,1,0
BRDA:203,16,0,0
BRDA:203,16,1,0
BRDA:209,17,0,0
BRDA:209,17,1,0
BRDA:211,18,0,0
BRDA:211,18,1,0
BRDA:219,19,0,0
BRDA:219,19,1,0
BRF:41
BRH:0
end_of_record
TN:
SF:src/components/layout/PanelResizer.tsx
FN:10,PanelResizer
FN:14,(anonymous_1)
FN:20,(anonymous_2)
FN:27,(anonymous_3)
FNF:4
FNH:0
FNDA:0,PanelResizer
FNDA:0,(anonymous_1)
FNDA:0,(anonymous_2)
FNDA:0,(anonymous_3)
DA:1,0
DA:11,0
DA:12,0
DA:14,0
DA:16,0
DA:17,0
DA:18,0
DA:20,0
DA:21,0
DA:22,0
DA:23,0
DA:24,0
DA:27,0
DA:28,0
DA:29,0
DA:30,0
DA:31,0
DA:32,0
DA:35,0
DA:36,0
DA:37,0
DA:38,0
DA:43,0
LF:23
LH:0
BRDA:21,0,0,0
BRDA:21,0,1,0
BRF:2
BRH:0
end_of_record
TN:
SF:src/components/map/MapView.tsx
FN:15,MapView
FN:31,(anonymous_1)
FN:34,(anonymous_2)
FN:36,(anonymous_3)
FN:40,(anonymous_4)
FN:55,(anonymous_5)
FN:72,(anonymous_6)
FN:77,(anonymous_7)
FN:87,(anonymous_8)
FN:97,(anonymous_9)
FNF:10
FNH:6
FNDA:4,MapView
FNDA:2,(anonymous_1)
FNDA:0,(anonymous_2)
FNDA:2,(anonymous_3)
FNDA:4,(anonymous_4)
FNDA:0,(anonymous_5)
FNDA:0,(anonymous_6)
FNDA:2,(anonymous_7)
FNDA:4,(anonymous_8)
FNDA:0,(anonymous_9)
DA:1,1
DA:6,1
DA:7,1
DA:16,4
DA:17,4
DA:19,4
DA:20,4
DA:21,4
DA:25,4
DA:26,4
DA:27,4
DA:28,4
DA:31,4
DA:32,2
DA:33,2
DA:34,2
DA:35,2
DA:36,2
DA:40,4
DA:41,4
DA:42,4
DA:44,2
DA:52,4
DA:55,4
DA:56,0
DA:57,0
DA:64,4
DA:65,4
DA:66,4
DA:67,4
DA:69,4
DA:72,4
DA:73,0
DA:75,4
DA:77,4
DA:78,2
DA:79,2
DA:80,2
DA:87,4
DA:88,4
DA:89,4
DA:90,2
DA:92,2
DA:93,2
DA:96,0
DA:97,4
DA:98,0
DA:99,0
DA:107,4
LF:49
LH:43
BRDA:41,0,0,0
BRDA:41,0,1,4
BRDA:41,1,0,4
BRDA:41,1,1,4
BRDA:42,2,0,2
BRDA:42,2,1,2
BRDA:46,3,0,0
BRDA:46,3,1,2
BRDA:89,4,0,2
BRDA:89,4,1,2
BRDA:90,5,0,2
BRDA:90,5,1,0
BRDA:96,6,0,0
BRDA:96,6,1,0
BRF:14
BRH:9
end_of_record
TN:
SF:src/components/map/StandLayer.tsx
FN:34,shouldUseAgeColoring
FN:64,showCustomPopup
FN:126,(anonymous_2)
FN:128,(anonymous_3)
FN:136,(anonymous_4)
FN:138,(anonymous_5)
FN:181,(anonymous_6)
FN:185,(anonymous_7)
FN:188,(anonymous_8)
FN:199,(anonymous_9)
FN:210,(anonymous_10)
FN:218,(anonymous_11)
FN:236,hideCustomPopup
FN:247,StandLayer
FN:254,(anonymous_14)
FN:255,(anonymous_15)
FN:256,(anonymous_16)
FN:257,(anonymous_17)
FN:258,(anonymous_18)
FN:262,(anonymous_19)
FN:275,(anonymous_20)
FN:298,(anonymous_21)
FN:355,(anonymous_22)
FN:362,(anonymous_23)
FN:365,(anonymous_24)
FN:369,(anonymous_25)
FN:388,(anonymous_26)
FN:432,(anonymous_27)
FN:490,(anonymous_28)
FN:499,(anonymous_29)
FN:512,(anonymous_30)
FN:539,(anonymous_31)
FN:549,(anonymous_32)
FN:561,(anonymous_33)
FN:576,(anonymous_34)
FN:583,(anonymous_35)
FN:593,(anonymous_36)
FN:597,(anonymous_37)
FN:614,(anonymous_38)
FN:621,(anonymous_39)
FNF:40
FNH:0
FNDA:0,shouldUseAgeColoring
FNDA:0,showCustomPopup
FNDA:0,(anonymous_2)
FNDA:0,(anonymous_3)
FNDA:0,(anonymous_4)
FNDA:0,(anonymous_5)
FNDA:0,(anonymous_6)
FNDA:0,(anonymous_7)
FNDA:0,(anonymous_8)
FNDA:0,(anonymous_9)
FNDA:0,(anonymous_10)
FNDA:0,(anonymous_11)
FNDA:0,hideCustomPopup
FNDA:0,StandLayer
FNDA:0,(anonymous_14)
FNDA:0,(anonymous_15)
FNDA:0,(anonymous_16)
FNDA:0,(anonymous_17)
FNDA:0,(anonymous_18)
FNDA:0,(anonymous_19)
FNDA:0,(anonymous_20)
FNDA:0,(anonymous_21)
FNDA:0,(anonymous_22)
FNDA:0,(anonymous_23)
FNDA:0,(anonymous_24)
FNDA:0,(anonymous_25)
FNDA:0,(anonymous_26)
FNDA:0,(anonymous_27)
FNDA:0,(anonymous_28)
FNDA:0,(anonymous_29)
FNDA:0,(anonymous_30)
FNDA:0,(anonymous_31)
FNDA:0,(anonymous_32)
FNDA:0,(anonymous_33)
FNDA:0,(anonymous_34)
FNDA:0,(anonymous_35)
FNDA:0,(anonymous_36)
FNDA:0,(anonymous_37)
FNDA:0,(anonymous_38)
FNDA:0,(anonymous_39)
DA:1,0
DA:11,0
DA:37,0
DA:38,0
DA:39,0
DA:40,0
DA:42,0
DA:44,0
DA:45,0
DA:46,0
DA:49,0
DA:50,0
DA:51,0
DA:52,0
DA:53,0
DA:55,0
DA:56,0
DA:60,0
DA:71,0
DA:72,0
DA:73,0
DA:76,0
DA:79,0
DA:80,0
DA:81,0
DA:82,0
DA:83,0
DA:84,0
DA:85,0
DA:86,0
DA:88,0
DA:91,0
DA:92,0
DA:93,0
DA:111,0
DA:112,0
DA:115,0
DA:116,0
DA:117,0
DA:118,0
DA:119,0
DA:120,0
DA:121,0
DA:122,0
DA:125,0
DA:126,0
DA:127,0
DA:128,0
DA:135,0
DA:136,0
DA:137,0
DA:139,0
DA:144,0
DA:151,0
DA:179,0
DA:180,0
DA:181,0
DA:182,0
DA:183,0
DA:185,0
DA:186,0
DA:188,0
DA:189,0
DA:194,0
DA:195,0
DA:196,0
DA:197,0
DA:199,0
DA:200,0
DA:201,0
DA:202,0
DA:203,0
DA:204,0
DA:205,0
DA:206,0
DA:207,0
DA:210,0
DA:211,0
DA:212,0
DA:213,0
DA:214,0
DA:215,0
DA:218,0
DA:219,0
DA:220,0
DA:221,0
DA:223,0
DA:224,0
DA:227,0
DA:228,0
DA:229,0
DA:237,0
DA:238,0
DA:239,0
DA:248,0
DA:249,0
DA:250,0
DA:251,0
DA:254,0
DA:255,0
DA:256,0
DA:257,0
DA:258,0
DA:262,0
DA:263,0
DA:264,0
DA:265,0
DA:266,0
DA:275,0
DA:276,0
DA:278,0
DA:280,0
DA:283,0
DA:284,0
DA:285,0
DA:287,0
DA:289,0
DA:290,0
DA:291,0
DA:298,0
DA:299,0
DA:301,0
DA:302,0
DA:303,0
DA:304,0
DA:306,0
DA:307,0
DA:308,0
DA:311,0
DA:312,0
DA:314,0
DA:315,0
DA:316,0
DA:318,0
DA:322,0
DA:325,0
DA:326,0
DA:327,0
DA:328,0
DA:332,0
DA:333,0
DA:334,0
DA:335,0
DA:336,0
DA:337,0
DA:338,0
DA:339,0
DA:340,0
DA:341,0
DA:342,0
DA:343,0
DA:344,0
DA:345,0
DA:346,0
DA:347,0
DA:348,0
DA:349,0
DA:351,0
DA:352,0
DA:355,0
DA:356,0
DA:358,0
DA:359,0
DA:362,0
DA:363,0
DA:365,0
DA:366,0
DA:369,0
DA:371,0
DA:372,0
DA:376,0
DA:378,0
DA:379,0
DA:380,0
DA:381,0
DA:382,0
DA:384,0
DA:386,0
DA:388,0
DA:389,0
DA:390,0
DA:392,0
DA:394,0
DA:395,0
DA:399,0
DA:400,0
DA:401,0
DA:405,0
DA:407,0
DA:408,0
DA:409,0
DA:410,0
DA:411,0
DA:415,0
DA:417,0
DA:418,0
DA:421,0
DA:425,0
DA:426,0
DA:427,0
DA:428,0
DA:432,0
DA:434,0
DA:436,0
DA:441,0
DA:454,0
DA:465,0
DA:479,0
DA:480,0
DA:482,0
DA:486,0
DA:487,0
DA:488,0
DA:490,0
DA:491,0
DA:492,0
DA:493,0
DA:494,0
DA:499,0
DA:500,0
DA:501,0
DA:502,0
DA:503,0
DA:504,0
DA:512,0
DA:513,0
DA:514,0
DA:515,0
DA:517,0
DA:523,0
DA:529,0
DA:530,0
DA:539,0
DA:540,0
DA:543,0
DA:544,0
DA:545,0
DA:549,0
DA:550,0
DA:552,0
DA:554,0
DA:556,0
DA:557,0
DA:559,0
DA:561,0
DA:562,0
DA:563,0
DA:567,0
DA:570,0
DA:571,0
DA:574,0
DA:576,0
DA:577,0
DA:578,0
DA:581,0
DA:583,0
DA:584,0
DA:585,0
DA:593,0
DA:594,0
DA:595,0
DA:597,0
DA:598,0
DA:599,0
DA:600,0
DA:601,0
DA:602,0
DA:603,0
DA:607,0
DA:613,0
DA:614,0
DA:615,0
DA:616,0
DA:617,0
DA:621,0
DA:624,0
LF:276
LH:0
BRDA:40,0,0,0
BRDA:40,0,1,0
BRDA:40,1,0,0
BRDA:40,1,1,0
BRDA:42,2,0,0
BRDA:42,2,1,0
BRDA:46,3,0,0
BRDA:46,3,1,0
BRDA:53,4,0,0
BRDA:53,4,1,0
BRDA:71,5,0,0
BRDA:71,5,1,0
BRDA:79,6,0,0
BRDA:79,6,1,0
BRDA:80,7,0,0
BRDA:80,7,1,0
BRDA:81,8,0,0
BRDA:81,8,1,0
BRDA:82,9,0,0
BRDA:82,9,1,0
BRDA:83,10,0,0
BRDA:83,10,1,0
BRDA:84,11,0,0
BRDA:84,11,1,0
BRDA:85,12,0,0
BRDA:85,12,1,0
BRDA:86,13,0,0
BRDA:86,13,1,0
BRDA:115,14,0,0
BRDA:115,14,1,0
BRDA:116,15,0,0
BRDA:116,15,1,0
BRDA:117,16,0,0
BRDA:117,16,1,0
BRDA:118,17,0,0
BRDA:118,17,1,0
BRDA:119,18,0,0
BRDA:119,18,1,0
BRDA:120,19,0,0
BRDA:120,19,1,0
BRDA:121,20,0,0
BRDA:121,20,1,0
BRDA:122,21,0,0
BRDA:122,21,1,0
BRDA:139,22,0,0
BRDA:139,22,1,0
BRDA:139,23,0,0
BRDA:139,23,1,0
BRDA:141,24,0,0
BRDA:141,24,1,0
BRDA:141,25,0,0
BRDA:141,25,1,0
BRDA:168,26,0,0
BRDA:168,26,1,0
BRDA:172,27,0,0
BRDA:172,27,1,0
BRDA:180,28,0,0
BRDA:180,28,1,0
BRDA:195,29,0,0
BRDA:195,29,1,0
BRDA:200,30,0,0
BRDA:200,30,1,0
BRDA:211,31,0,0
BRDA:211,31,1,0
BRDA:219,32,0,0
BRDA:219,32,1,0
BRDA:237,33,0,0
BRDA:237,33,1,0
BRDA:247,34,0,0
BRDA:247,35,0,0
BRDA:263,36,0,0
BRDA:263,36,1,0
BRDA:264,37,0,0
BRDA:264,37,1,0
BRDA:264,38,0,0
BRDA:264,38,1,0
BRDA:276,39,0,0
BRDA:276,39,1,0
BRDA:276,40,0,0
BRDA:276,40,1,0
BRDA:278,41,0,0
BRDA:278,41,1,0
BRDA:284,42,0,0
BRDA:284,42,1,0
BRDA:287,43,0,0
BRDA:287,43,1,0
BRDA:290,44,0,0
BRDA:290,44,1,0
BRDA:299,45,0,0
BRDA:299,45,1,0
BRDA:304,46,0,0
BRDA:304,46,1,0
BRDA:304,47,0,0
BRDA:304,47,1,0
BRDA:326,48,0,0
BRDA:326,48,1,0
BRDA:356,49,0,0
BRDA:356,49,1,0
BRDA:371,50,0,0
BRDA:371,50,1,0
BRDA:376,51,0,0
BRDA:376,51,1,0
BRDA:381,52,0,0
BRDA:381,52,1,0
BRDA:384,53,0,0
BRDA:384,53,1,0
BRDA:386,54,0,0
BRDA:386,54,1,0
BRDA:390,55,0,0
BRDA:390,55,1,0
BRDA:405,56,0,0
BRDA:405,56,1,0
BRDA:405,57,0,0
BRDA:405,57,1,0
BRDA:434,58,0,0
BRDA:434,58,1,0
BRDA:479,59,0,0
BRDA:479,59,1,0
BRDA:500,60,0,0
BRDA:500,60,1,0
BRDA:503,61,0,0
BRDA:503,61,1,0
BRDA:513,62,0,0
BRDA:513,62,1,0
BRDA:515,63,0,0
BRDA:515,63,1,0
BRDA:517,64,0,0
BRDA:517,64,1,0
BRDA:519,65,0,0
BRDA:519,65,1,0
BRDA:523,66,0,0
BRDA:523,66,1,0
BRDA:540,67,0,0
BRDA:540,67,1,0
BRDA:540,68,0,0
BRDA:540,68,1,0
BRDA:540,68,2,0
BRDA:543,69,0,0
BRDA:543,69,1,0
BRDA:552,70,0,0
BRDA:552,70,1,0
BRDA:552,71,0,0
BRDA:552,71,1,0
BRDA:559,72,0,0
BRDA:559,72,1,0
BRDA:577,73,0,0
BRDA:577,73,1,0
BRDA:594,74,0,0
BRDA:594,74,1,0
BRDA:594,75,0,0
BRDA:594,75,1,0
BRDA:595,76,0,0
BRDA:595,76,1,0
BRDA:595,77,0,0
BRDA:595,77,1,0
BRDA:598,78,0,0
BRDA:598,78,1,0
BRDA:600,79,0,0
BRDA:600,79,1,0
BRDA:607,80,0,0
BRDA:607,80,1,0
BRDA:616,81,0,0
BRDA:616,81,1,0
BRDA:616,82,0,0
BRDA:616,82,1,0
BRF:165
BRH:0
end_of_record
TN:
SF:src/components/map/StandLegend.tsx
FN:12,StandLegend
FN:13,(anonymous_1)
FN:21,(anonymous_2)
FNF:3
FNH:0
FNDA:0,StandLegend
FNDA:0,(anonymous_1)
FNDA:0,(anonymous_2)
DA:1,0
DA:13,0
DA:14,0
DA:17,0
DA:22,0
LF:5
LH:0
BRDA:28,0,0,0
BRDA:28,0,1,0
BRF:2
BRH:0
end_of_record
TN:
SF:src/components/map/StandPopup.tsx
FN:17,StandPopup
FNF:1
FNH:0
FNDA:0,StandPopup
DA:1,0
DA:28,0
DA:30,0
LF:3
LH:0
BRDA:32,0,0,0
BRDA:32,0,1,0
BRDA:45,1,0,0
BRDA:45,1,1,0
BRDA:48,2,0,0
BRDA:48,2,1,0
BRDA:51,3,0,0
BRDA:51,3,1,0
BRDA:54,4,0,0
BRDA:54,4,1,0
BRDA:57,5,0,0
BRDA:57,5,1,0
BRDA:60,6,0,0
BRDA:60,6,1,0
BRDA:63,7,0,0
BRDA:63,7,1,0
BRDA:66,8,0,0
BRDA:66,8,1,0
BRF:18
BRH:0
end_of_record
TN:
SF:src/lib/db.ts
FN:63,constructor
FN:76,clearAllTables
FNF:2
FNH:0
FNDA:0,constructor
FNDA:0,clearAllTables
DA:64,0
DA:65,0
DA:74,0
DA:77,0
DA:78,0
DA:79,0
DA:80,0
LF:7
LH:0
BRF:0
BRH:0
end_of_record
TN:
SF:src/lib/env.ts
FNF:0
FNH:0
DA:5,0
LF:1
LH:0
BRF:0
BRH:0
end_of_record
TN:
SF:src/lib/ai/chart-engine.ts
FN:147,speciesFactor
FN:174,ageFactor
FN:201,densityFactor
FN:234,getGrowthRate
FN:261,(anonymous_4)
FN:270,(anonymous_5)
FN:290,(anonymous_6)
FN:308,(anonymous_7)
FN:320,(anonymous_8)
FN:337,(anonymous_9)
FN:384,resolveFieldAlias
FN:390,resolveJoinField
FN:402,collectRawSources
FN:417,sourceTableFor
FN:418,find
FN:431,buildSelect
FN:449,(anonymous_16)
FN:544,buildQuery
FN:592,flattenRows
FN:593,(anonymous_19)
FN:609,applyComputedFields
FN:624,(anonymous_21)
FN:625,(anonymous_22)
FN:641,(anonymous_23)
FN:654,topologicalSort
FN:659,visit
FN:683,aggregateRows
FN:689,(anonymous_27)
FN:714,(anonymous_28)
FN:718,(anonymous_29)
FN:730,(anonymous_30)
FN:753,aggregateFn
FN:763,(anonymous_32)
FN:764,(anonymous_33)
FN:770,(anonymous_34)
FN:772,(anonymous_35)
FN:784,computePerRowValues
FN:804,aggregateOnNumbers
FN:811,(anonymous_38)
FN:816,(anonymous_39)
FN:818,(anonymous_40)
FN:828,fillYearGaps
FN:888,cartesianProduct
FN:922,shouldApplyCumulative
FN:923,(anonymous_44)
FN:927,applyCumulative
FN:953,(anonymous_46)
FN:954,(anonymous_47)
FN:956,(anonymous_48)
FN:958,(anonymous_49)
FN:969,(anonymous_50)
FN:977,(anonymous_51)
FN:980,(anonymous_52)
FN:993,extractMergeKeys
FN:1011,mergeResults
FN:1049,(anonymous_55)
FN:1079,fillMergeGaps
FN:1113,applyCrossCumulative
FN:1129,(anonymous_58)
FN:1137,(anonymous_59)
FN:1140,(anonymous_60)
FN:1153,recomputeSubQuery
FN:1161,(anonymous_62)
FN:1214,(anonymous_63)
FN:1237,recomputeCrossData
FN:1270,(anonymous_65)
FN:1279,(anonymous_66)
FN:1303,recomputeChartData
FN:1363,(anonymous_68)
FN:1390,recomputeAllCharts
FNF:70
FNH:48
FNDA:0,speciesFactor
FNDA:0,ageFactor
FNDA:0,densityFactor
FNDA:0,getGrowthRate
FNDA:6,(anonymous_4)
FNDA:0,(anonymous_5)
FNDA:0,(anonymous_6)
FNDA:6,(anonymous_7)
FNDA:0,(anonymous_8)
FNDA:0,(anonymous_9)
FNDA:80,resolveFieldAlias
FNDA:14,resolveJoinField
FNDA:27,collectRawSources
FNDA:66,sourceTableFor
FNDA:243,find
FNDA:21,buildSelect
FNDA:14,(anonymous_16)
FNDA:21,buildQuery
FNDA:20,flattenRows
FNDA:36,(anonymous_19)
FNDA:20,applyComputedFields
FNDA:14,(anonymous_21)
FNDA:14,(anonymous_22)
FNDA:12,(anonymous_23)
FNDA:7,topologicalSort
FNDA:7,visit
FNDA:20,aggregateRows
FNDA:13,(anonymous_27)
FNDA:27,(anonymous_28)
FNDA:27,(anonymous_29)
FNDA:23,(anonymous_30)
FNDA:29,aggregateFn
FNDA:36,(anonymous_32)
FNDA:36,(anonymous_33)
FNDA:36,(anonymous_34)
FNDA:0,(anonymous_35)
FNDA:0,computePerRowValues
FNDA:0,aggregateOnNumbers
FNDA:0,(anonymous_38)
FNDA:0,(anonymous_39)
FNDA:0,(anonymous_40)
FNDA:20,fillYearGaps
FNDA:0,cartesianProduct
FNDA:10,shouldApplyCumulative
FNDA:10,(anonymous_44)
FNDA:10,applyCumulative
FNDA:0,(anonymous_46)
FNDA:0,(anonymous_47)
FNDA:0,(anonymous_48)
FNDA:0,(anonymous_49)
FNDA:0,(anonymous_50)
FNDA:0,(anonymous_51)
FNDA:0,(anonymous_52)
FNDA:5,extractMergeKeys
FNDA:5,mergeResults
FNDA:31,(anonymous_55)
FNDA:5,fillMergeGaps
FNDA:5,applyCrossCumulative
FNDA:2,(anonymous_58)
FNDA:2,(anonymous_59)
FNDA:6,(anonymous_60)
FNDA:11,recomputeSubQuery
FNDA:11,(anonymous_62)
FNDA:15,(anonymous_63)
FNDA:6,recomputeCrossData
FNDA:5,(anonymous_65)
FNDA:4,(anonymous_66)
FNDA:17,recomputeChartData
FNDA:5,(anonymous_68)
FNDA:5,recomputeAllCharts
DA:101,4
DA:107,4
DA:113,4
DA:117,4
DA:128,4
DA:129,4
DA:130,4
DA:148,0
DA:149,0
DA:150,0
DA:158,0
DA:175,0
DA:176,0
DA:178,0
DA:179,0
DA:180,0
DA:181,0
DA:182,0
DA:183,0
DA:206,0
DA:209,0
DA:210,0
DA:211,0
DA:213,0
DA:214,0
DA:216,0
DA:217,0
DA:218,0
DA:219,0
DA:220,0
DA:221,0
DA:243,0
DA:244,0
DA:247,0
DA:248,0
DA:249,0
DA:251,0
DA:254,4
DA:261,6
DA:270,0
DA:291,0
DA:308,6
DA:321,0
DA:322,0
DA:323,0
DA:338,0
DA:339,0
DA:340,0
DA:345,4
DA:353,4
DA:357,4
DA:361,4
DA:385,80
DA:391,14
DA:392,14
DA:393,0
DA:394,0
DA:395,14
DA:396,14
DA:403,27
DA:404,27
DA:405,21
DA:406,21
DA:407,66
DA:408,6
DA:410,60
DA:413,21
DA:419,243
DA:420,243
DA:421,102
DA:422,237
DA:423,177
DA:424,177
DA:426,6
DA:428,66
DA:432,21
DA:433,21
DA:438,21
DA:439,7
DA:440,14
DA:441,0
DA:442,0
DA:443,14
DA:445,14
DA:446,14
DA:449,21
DA:450,14
DA:451,14
DA:452,0
DA:453,0
DA:455,14
DA:458,21
DA:459,14
DA:463,21
DA:464,21
DA:465,21
DA:471,21
DA:472,21
DA:476,66
DA:482,66
DA:485,66
DA:486,9
DA:487,9
DA:489,57
DA:495,21
DA:496,21
DA:498,0
DA:499,0
DA:500,0
DA:501,0
DA:504,0
DA:505,0
DA:506,0
DA:507,0
DA:509,0
DA:515,21
DA:516,0
DA:517,0
DA:518,0
DA:523,21
DA:524,0
DA:525,0
DA:526,0
DA:527,0
DA:529,0
DA:538,21
DA:539,21
DA:540,14
DA:542,21
DA:549,21
DA:550,21
DA:558,21
DA:559,0
DA:561,0
DA:562,0
DA:564,0
DA:565,0
DA:566,0
DA:567,0
DA:568,0
DA:571,0
DA:572,0
DA:573,0
DA:574,0
DA:575,0
DA:582,21
DA:583,0
DA:584,0
DA:589,21
DA:593,20
DA:594,36
DA:595,36
DA:596,75
DA:597,0
DA:598,0
DA:599,0
DA:602,75
DA:605,36
DA:613,20
DA:619,19
DA:620,19
DA:621,19
DA:622,19
DA:623,13
DA:624,14
DA:625,7
DA:626,14
DA:628,7
DA:629,7
DA:633,19
DA:639,7
DA:641,7
DA:642,12
DA:643,12
DA:644,12
DA:645,12
DA:646,12
DA:648,12
DA:655,7
DA:656,7
DA:657,7
DA:660,7
DA:661,7
DA:662,7
DA:663,7
DA:664,7
DA:665,7
DA:667,14
DA:668,0
DA:672,7
DA:673,7
DA:674,7
DA:677,7
DA:678,7
DA:680,7
DA:687,20
DA:689,19
DA:691,19
DA:692,6
DA:693,6
DA:694,6
DA:696,0
DA:697,0
DA:699,6
DA:702,6
DA:703,6
DA:704,9
DA:705,9
DA:707,6
DA:708,6
DA:711,13
DA:713,13
DA:714,27
DA:715,0
DA:716,0
DA:718,27
DA:719,27
DA:720,23
DA:721,23
DA:722,23
DA:724,23
DA:726,27
DA:729,13
DA:730,13
DA:731,23
DA:732,23
DA:733,23
DA:734,0
DA:735,0
DA:737,23
DA:741,23
DA:742,23
DA:743,27
DA:744,27
DA:746,23
DA:747,23
DA:750,13
DA:758,29
DA:760,29
DA:762,29
DA:763,36
DA:764,36
DA:766,29
DA:768,29
DA:770,36
DA:772,0
DA:774,0
DA:776,0
DA:778,0
DA:790,0
DA:791,0
DA:792,0
DA:793,0
DA:794,0
DA:795,0
DA:797,0
DA:800,0
DA:808,0
DA:809,0
DA:811,0
DA:812,0
DA:814,0
DA:816,0
DA:818,0
DA:820,0
DA:822,0
DA:824,0
DA:832,20
DA:833,13
DA:834,12
DA:836,12
DA:837,12
DA:838,21
DA:839,21
DA:841,12
DA:843,12
DA:844,12
DA:845,12
DA:847,12
DA:848,12
DA:849,12
DA:850,25
DA:851,4
DA:852,4
DA:853,4
DA:855,4
DA:857,12
DA:860,0
DA:861,0
DA:862,0
DA:864,0
DA:865,0
DA:866,0
DA:867,0
DA:868,0
DA:872,0
DA:873,0
DA:874,0
DA:875,0
DA:876,0
DA:878,0
DA:881,0
DA:883,0
DA:884,0
DA:885,0
DA:889,0
DA:890,0
DA:891,0
DA:892,0
DA:893,0
DA:894,0
DA:895,0
DA:898,0
DA:901,0
DA:902,0
DA:904,0
DA:905,0
DA:906,0
DA:908,0
DA:909,0
DA:910,0
DA:912,0
DA:913,0
DA:915,0
DA:919,0
DA:923,10
DA:931,10
DA:933,0
DA:934,0
DA:935,0
DA:937,0
DA:939,0
DA:940,10
DA:942,0
DA:944,10
DA:945,0
DA:946,0
DA:947,0
DA:948,0
DA:949,0
DA:952,0
DA:953,0
DA:954,0
DA:955,0
DA:956,0
DA:957,0
DA:958,0
DA:959,0
DA:960,0
DA:961,0
DA:963,0
DA:966,0
DA:969,0
DA:970,0
DA:971,0
DA:972,0
DA:973,0
DA:976,0
DA:977,0
DA:979,0
DA:980,0
DA:981,0
DA:982,0
DA:983,0
DA:987,0
DA:997,5
DA:998,5
DA:999,10
DA:1000,18
DA:1001,18
DA:1002,14
DA:1006,5
DA:1017,5
DA:1020,5
DA:1021,5
DA:1022,10
DA:1023,10
DA:1027,5
DA:1029,5
DA:1030,14
DA:1031,14
DA:1033,14
DA:1035,14
DA:1036,28
DA:1037,28
DA:1039,28
DA:1041,13
DA:1043,13
DA:1044,13
DA:1046,13
DA:1047,13
DA:1049,31
DA:1050,15
DA:1052,14
DA:1053,14
DA:1056,14
DA:1057,14
DA:1059,1
DA:1061,1
DA:1062,1
DA:1068,28
DA:1070,13
DA:1071,13
DA:1074,5
DA:1084,5
DA:1086,4
DA:1087,4
DA:1088,13
DA:1089,13
DA:1091,4
DA:1093,4
DA:1094,4
DA:1095,4
DA:1097,4
DA:1098,4
DA:1099,13
DA:1100,0
DA:1101,0
DA:1102,0
DA:1104,0
DA:1107,4
DA:1119,5
DA:1120,5
DA:1121,10
DA:1122,10
DA:1126,5
DA:1129,1
DA:1130,2
DA:1131,2
DA:1132,2
DA:1133,0
DA:1136,1
DA:1137,2
DA:1139,1
DA:1140,3
DA:1141,6
DA:1142,6
DA:1143,6
DA:1147,1
DA:1160,11
DA:1161,11
DA:1164,11
DA:1176,11
DA:1177,0
DA:1179,11
DA:1180,0
DA:1182,11
DA:1183,0
DA:1185,11
DA:1186,11
DA:1187,0
DA:1192,11
DA:1193,11
DA:1195,11
DA:1196,1
DA:1199,10
DA:1202,11
DA:1203,11
DA:1204,11
DA:1205,11
DA:1208,11
DA:1211,11
DA:1212,5
DA:1213,5
DA:1214,5
DA:1215,15
DA:1216,15
DA:1217,15
DA:1218,0
DA:1224,10
DA:1225,0
DA:1228,10
DA:1229,0
DA:1232,10
DA:1242,6
DA:1245,6
DA:1246,6
DA:1247,11
DA:1248,10
DA:1252,5
DA:1255,5
DA:1256,5
DA:1257,10
DA:1258,10
DA:1261,5
DA:1264,5
DA:1267,5
DA:1268,2
DA:1269,2
DA:1270,2
DA:1271,5
DA:1272,5
DA:1273,5
DA:1274,0
DA:1278,3
DA:1279,3
DA:1280,4
DA:1281,4
DA:1282,4
DA:1283,0
DA:1287,5
DA:1309,17
DA:1310,6
DA:1314,11
DA:1317,11
DA:1318,0
DA:1322,11
DA:1323,1
DA:1325,10
DA:1326,0
DA:1328,10
DA:1329,10
DA:1330,0
DA:1335,10
DA:1336,10
DA:1338,10
DA:1339,0
DA:1342,10
DA:1345,17
DA:1348,17
DA:1351,17
DA:1354,17
DA:1357,17
DA:1360,17
DA:1361,8
DA:1362,8
DA:1363,8
DA:1364,5
DA:1365,5
DA:1366,5
DA:1367,1
DA:1372,10
DA:1375,10
DA:1376,0
DA:1379,10
DA:1395,5
DA:1401,5
DA:1402,1
DA:1403,1
DA:1406,4
DA:1408,2
DA:1410,2
DA:1411,3
DA:1413,3
DA:1414,3
DA:1416,2
DA:1425,2
DA:1427,1
DA:1434,2
DA:1435,2
LF:550
LH:349
BRDA:148,0,0,0
BRDA:148,0,1,0
BRDA:149,1,0,0
BRDA:149,1,1,0
BRDA:151,2,0,0
BRDA:151,2,1,0
BRDA:152,3,0,0
BRDA:152,3,1,0
BRDA:158,4,0,0
BRDA:158,4,1,0
BRDA:175,5,0,0
BRDA:175,5,1,0
BRDA:178,6,0,0
BRDA:178,6,1,0
BRDA:179,7,0,0
BRDA:179,7,1,0
BRDA:180,8,0,0
BRDA:180,8,1,0
BRDA:181,9,0,0
BRDA:181,9,1,0
BRDA:206,10,0,0
BRDA:206,10,1,0
BRDA:206,11,0,0
BRDA:206,11,1,0
BRDA:209,12,0,0
BRDA:209,12,1,0
BRDA:209,13,0,0
BRDA:209,13,1,0
BRDA:210,14,0,0
BRDA:210,14,1,0
BRDA:213,15,0,0
BRDA:213,15,1,0
BRDA:216,16,0,0
BRDA:216,16,1,0
BRDA:217,17,0,0
BRDA:217,17,1,0
BRDA:218,18,0,0
BRDA:218,18,1,0
BRDA:219,19,0,0
BRDA:219,19,1,0
BRDA:243,20,0,0
BRDA:243,20,1,0
BRDA:244,21,0,0
BRDA:244,21,1,0
BRDA:262,22,0,6
BRDA:262,22,1,1
BRDA:262,23,0,6
BRDA:262,23,1,1
BRDA:271,24,0,0
BRDA:271,24,1,0
BRDA:271,25,0,0
BRDA:271,25,1,0
BRDA:292,26,0,0
BRDA:292,26,1,0
BRDA:293,27,0,0
BRDA:293,27,1,0
BRDA:294,28,0,0
BRDA:294,28,1,0
BRDA:309,29,0,6
BRDA:309,29,1,0
BRDA:309,30,0,6
BRDA:309,30,1,0
BRDA:321,31,0,0
BRDA:321,31,1,0
BRDA:322,32,0,0
BRDA:322,32,1,0
BRDA:323,33,0,0
BRDA:323,33,1,0
BRDA:338,34,0,0
BRDA:338,34,1,0
BRDA:338,35,0,0
BRDA:338,35,1,0
BRDA:339,36,0,0
BRDA:339,36,1,0
BRDA:339,37,0,0
BRDA:339,37,1,0
BRDA:385,38,0,80
BRDA:385,38,1,79
BRDA:392,39,0,14
BRDA:392,39,1,0
BRDA:394,40,0,0
BRDA:394,40,1,0
BRDA:404,41,0,6
BRDA:404,41,1,21
BRDA:407,42,0,6
BRDA:407,42,1,60
BRDA:420,43,0,141
BRDA:420,43,1,102
BRDA:422,44,0,60
BRDA:422,44,1,177
BRDA:422,45,0,60
BRDA:422,45,1,0
BRDA:424,46,0,36
BRDA:424,46,1,141
BRDA:428,47,0,66
BRDA:428,47,1,6
BRDA:438,48,0,7
BRDA:438,48,1,14
BRDA:438,49,0,21
BRDA:438,49,1,15
BRDA:440,50,0,0
BRDA:440,50,1,14
BRDA:441,51,0,0
BRDA:441,51,1,0
BRDA:443,52,0,14
BRDA:443,52,1,0
BRDA:445,53,0,14
BRDA:445,53,1,0
BRDA:451,54,0,0
BRDA:451,54,1,14
BRDA:452,55,0,0
BRDA:452,55,1,0
BRDA:464,56,0,21
BRDA:464,56,1,0
BRDA:465,57,0,0
BRDA:465,57,1,21
BRDA:482,58,0,66
BRDA:482,58,1,57
BRDA:482,58,2,0
BRDA:485,59,0,9
BRDA:485,59,1,57
BRDA:486,60,0,0
BRDA:486,60,1,9
BRDA:496,61,0,21
BRDA:496,61,1,0
BRDA:499,62,0,0
BRDA:499,62,1,0
BRDA:500,63,0,0
BRDA:500,63,1,0
BRDA:504,64,0,0
BRDA:504,64,1,0
BRDA:505,65,0,0
BRDA:505,65,1,0
BRDA:506,66,0,0
BRDA:506,66,1,0
BRDA:515,67,0,0
BRDA:515,67,1,21
BRDA:516,68,0,0
BRDA:516,68,1,0
BRDA:523,69,0,0
BRDA:523,69,1,21
BRDA:525,70,0,0
BRDA:525,70,1,0
BRDA:526,71,0,0
BRDA:526,71,1,0
BRDA:558,72,0,0
BRDA:558,72,1,21
BRDA:562,73,0,0
BRDA:562,73,1,0
BRDA:565,74,0,0
BRDA:565,74,1,0
BRDA:567,75,0,0
BRDA:567,75,1,0
BRDA:567,76,0,0
BRDA:567,76,1,0
BRDA:572,77,0,0
BRDA:572,77,1,0
BRDA:574,78,0,0
BRDA:574,78,1,0
BRDA:574,79,0,0
BRDA:574,79,1,0
BRDA:582,80,0,0
BRDA:582,80,1,21
BRDA:596,81,0,0
BRDA:596,81,1,75
BRDA:596,82,0,75
BRDA:596,82,1,73
BRDA:596,82,2,0
BRDA:613,83,0,1
BRDA:613,83,1,19
BRDA:622,84,0,6
BRDA:622,84,1,13
BRDA:623,85,0,6
BRDA:623,85,1,7
BRDA:626,86,0,14
BRDA:626,86,1,5
BRDA:628,87,0,7
BRDA:628,87,1,0
BRDA:628,88,0,7
BRDA:628,88,1,0
BRDA:633,89,0,12
BRDA:633,89,1,7
BRDA:645,90,0,0
BRDA:645,90,1,12
BRDA:660,91,0,0
BRDA:660,91,1,7
BRDA:661,92,0,0
BRDA:661,92,1,7
BRDA:664,93,0,7
BRDA:664,93,1,0
BRDA:667,94,0,0
BRDA:667,94,1,14
BRDA:667,95,0,14
BRDA:667,95,1,5
BRDA:687,96,0,1
BRDA:687,96,1,19
BRDA:691,97,0,6
BRDA:691,97,1,13
BRDA:694,98,0,0
BRDA:694,98,1,6
BRDA:694,99,0,6
BRDA:694,99,1,0
BRDA:697,100,0,0
BRDA:697,100,1,0
BRDA:699,101,0,6
BRDA:699,101,1,6
BRDA:705,102,0,0
BRDA:705,102,1,9
BRDA:705,103,0,9
BRDA:705,103,1,0
BRDA:714,104,0,0
BRDA:714,104,1,27
BRDA:718,105,0,27
BRDA:718,105,1,0
BRDA:719,106,0,23
BRDA:719,106,1,4
BRDA:733,107,0,0
BRDA:733,107,1,23
BRDA:733,108,0,23
BRDA:733,108,1,0
BRDA:735,109,0,0
BRDA:735,109,1,0
BRDA:737,110,0,23
BRDA:737,110,1,23
BRDA:744,111,0,0
BRDA:744,111,1,27
BRDA:744,112,0,27
BRDA:744,112,1,0
BRDA:758,113,0,29
BRDA:758,113,1,0
BRDA:760,114,0,0
BRDA:760,114,1,29
BRDA:764,115,0,36
BRDA:764,115,1,36
BRDA:766,116,0,0
BRDA:766,116,1,29
BRDA:768,117,0,29
BRDA:768,117,1,0
BRDA:768,117,2,0
BRDA:768,117,3,0
BRDA:768,117,4,0
BRDA:792,118,0,0
BRDA:792,118,1,0
BRDA:793,119,0,0
BRDA:793,119,1,0
BRDA:794,120,0,0
BRDA:794,120,1,0
BRDA:795,121,0,0
BRDA:795,121,1,0
BRDA:808,122,0,0
BRDA:808,122,1,0
BRDA:809,123,0,0
BRDA:809,123,1,0
BRDA:811,124,0,0
BRDA:811,124,1,0
BRDA:812,125,0,0
BRDA:812,125,1,0
BRDA:814,126,0,0
BRDA:814,126,1,0
BRDA:814,126,2,0
BRDA:814,126,3,0
BRDA:814,126,4,0
BRDA:832,127,0,7
BRDA:832,127,1,13
BRDA:833,128,0,1
BRDA:833,128,1,12
BRDA:834,129,0,0
BRDA:834,129,1,12
BRDA:839,130,0,21
BRDA:839,130,1,0
BRDA:841,131,0,0
BRDA:841,131,1,12
BRDA:847,132,0,12
BRDA:847,132,1,0
BRDA:850,133,0,21
BRDA:850,133,1,4
BRDA:867,134,0,0
BRDA:867,134,1,0
BRDA:874,135,0,0
BRDA:874,135,1,0
BRDA:876,136,0,0
BRDA:876,136,1,0
BRDA:889,137,0,0
BRDA:889,137,1,0
BRDA:902,138,0,0
BRDA:902,138,1,0
BRDA:906,139,0,0
BRDA:906,139,1,0
BRDA:923,140,0,10
BRDA:923,140,1,0
BRDA:923,140,2,0
BRDA:923,140,3,0
BRDA:931,141,0,10
BRDA:931,141,1,0
BRDA:935,142,0,0
BRDA:935,142,1,0
BRDA:937,143,0,0
BRDA:937,143,1,0
BRDA:939,144,0,0
BRDA:939,144,1,0
BRDA:939,145,0,0
BRDA:939,145,1,0
BRDA:940,146,0,0
BRDA:940,146,1,10
BRDA:942,147,0,0
BRDA:942,147,1,0
BRDA:944,148,0,0
BRDA:944,148,1,10
BRDA:947,149,0,0
BRDA:947,149,1,0
BRDA:948,150,0,0
BRDA:948,150,1,0
BRDA:954,151,0,0
BRDA:954,151,1,0
BRDA:954,152,0,0
BRDA:954,152,1,0
BRDA:959,153,0,0
BRDA:959,153,1,0
BRDA:972,154,0,0
BRDA:972,154,1,0
BRDA:972,155,0,0
BRDA:972,155,1,0
BRDA:973,156,0,0
BRDA:973,156,1,0
BRDA:973,157,0,0
BRDA:973,157,1,0
BRDA:981,158,0,0
BRDA:981,158,1,0
BRDA:1001,159,0,14
BRDA:1001,159,1,4
BRDA:1001,160,0,18
BRDA:1001,160,1,14
BRDA:1030,161,0,0
BRDA:1030,161,1,14
BRDA:1039,162,0,13
BRDA:1039,162,1,15
BRDA:1039,163,0,28
BRDA:1039,163,1,13
BRDA:1044,164,0,13
BRDA:1044,164,1,0
BRDA:1047,165,0,0
BRDA:1047,165,1,13
BRDA:1050,166,0,14
BRDA:1050,166,1,1
BRDA:1053,167,0,14
BRDA:1053,167,1,0
BRDA:1057,168,0,14
BRDA:1057,168,1,0
BRDA:1068,169,0,1
BRDA:1068,169,1,27
BRDA:1068,170,0,28
BRDA:1068,170,1,1
BRDA:1084,171,0,1
BRDA:1084,171,1,4
BRDA:1084,172,0,5
BRDA:1084,172,1,5
BRDA:1089,173,0,13
BRDA:1089,173,1,0
BRDA:1091,174,0,0
BRDA:1091,174,1,4
BRDA:1099,175,0,13
BRDA:1099,175,1,0
BRDA:1122,176,0,2
BRDA:1122,176,1,8
BRDA:1126,177,0,4
BRDA:1126,177,1,1
BRDA:1132,178,0,2
BRDA:1132,178,1,0
BRDA:1132,179,0,2
BRDA:1132,179,1,2
BRDA:1133,180,0,0
BRDA:1133,180,1,0
BRDA:1133,181,0,2
BRDA:1133,181,1,0
BRDA:1141,182,0,6
BRDA:1141,182,1,0
BRDA:1160,183,0,11
BRDA:1160,183,1,0
BRDA:1176,184,0,0
BRDA:1176,184,1,11
BRDA:1179,185,0,0
BRDA:1179,185,1,11
BRDA:1179,186,0,11
BRDA:1179,186,1,11
BRDA:1182,187,0,0
BRDA:1182,187,1,11
BRDA:1182,188,0,11
BRDA:1182,188,1,11
BRDA:1186,189,0,0
BRDA:1186,189,1,11
BRDA:1186,190,0,11
BRDA:1186,190,1,11
BRDA:1195,191,0,1
BRDA:1195,191,1,10
BRDA:1199,192,0,10
BRDA:1199,192,1,0
BRDA:1208,193,0,5
BRDA:1208,193,1,5
BRDA:1211,194,0,5
BRDA:1211,194,1,6
BRDA:1213,195,0,0
BRDA:1213,195,1,5
BRDA:1217,196,0,15
BRDA:1217,196,1,0
BRDA:1217,197,0,15
BRDA:1217,197,1,15
BRDA:1218,198,0,0
BRDA:1218,198,1,0
BRDA:1218,199,0,15
BRDA:1218,199,1,0
BRDA:1224,200,0,0
BRDA:1224,200,1,10
BRDA:1228,201,0,0
BRDA:1228,201,1,10
BRDA:1228,202,0,10
BRDA:1228,202,1,0
BRDA:1242,203,0,6
BRDA:1242,203,1,4
BRDA:1267,204,0,2
BRDA:1267,204,1,3
BRDA:1269,205,0,0
BRDA:1269,205,1,2
BRDA:1273,206,0,5
BRDA:1273,206,1,0
BRDA:1273,207,0,5
BRDA:1273,207,1,5
BRDA:1274,208,0,0
BRDA:1274,208,1,0
BRDA:1274,209,0,5
BRDA:1274,209,1,0
BRDA:1282,210,0,4
BRDA:1282,210,1,0
BRDA:1282,211,0,4
BRDA:1282,211,1,4
BRDA:1283,212,0,0
BRDA:1283,212,1,0
BRDA:1283,213,0,4
BRDA:1283,213,1,0
BRDA:1309,214,0,6
BRDA:1309,214,1,11
BRDA:1317,215,0,0
BRDA:1317,215,1,11
BRDA:1322,216,0,1
BRDA:1322,216,1,10
BRDA:1322,217,0,11
BRDA:1322,217,1,11
BRDA:1325,218,0,0
BRDA:1325,218,1,10
BRDA:1325,219,0,10
BRDA:1325,219,1,10
BRDA:1329,220,0,0
BRDA:1329,220,1,10
BRDA:1329,221,0,10
BRDA:1329,221,1,10
BRDA:1338,222,0,0
BRDA:1338,222,1,10
BRDA:1342,223,0,10
BRDA:1342,223,1,0
BRDA:1357,224,0,17
BRDA:1357,224,1,10
[...]
DA:72,0
LF:34
LH:0
BRDA:23,0,0,0
BRDA:23,0,1,0
BRDA:44,1,0,0
BRDA:44,1,1,0
BRDA:46,2,0,0
BRDA:46,2,1,0
BRDA:50,3,0,0
BRDA:50,3,1,0
BRDA:55,4,0,0
BRDA:55,4,1,0
BRDA:56,5,0,0
BRDA:56,5,1,0
BRDA:59,6,0,0
BRDA:59,6,1,0
BRF:14
BRH:0
end_of_record
TN:
SF:src/lib/import/boundary-service.ts
FN:9,importPropertyBoundary
FNF:1
FNH:0
FNDA:0,importPropertyBoundary
DA:13,0
DA:15,0
DA:16,0
DA:21,0
DA:23,0
DA:30,0
DA:31,0
DA:34,0
LF:8
LH:0
BRDA:15,0,0,0
BRDA:15,0,1,0
BRDA:30,1,0,0
BRDA:30,1,1,0
BRF:4
BRH:0
end_of_record
TN:
SF:src/lib/import/code-tables.ts
FN:34,mapWfsCode
FN:42,mapWfsNumericCode
FN:68,mapSoilType
FNF:3
FNH:2
FNDA:5,mapWfsCode
FNDA:8,mapWfsNumericCode
FNDA:0,mapSoilType
DA:3,2
DA:9,2
DA:18,2
DA:38,5
DA:39,4
DA:46,8
DA:47,7
DA:48,8
DA:52,2
DA:69,0
DA:70,0
DA:71,0
LF:12
LH:9
BRDA:38,0,0,1
BRDA:38,0,1,4
BRDA:38,1,0,5
BRDA:38,1,1,4
BRDA:39,2,0,4
BRDA:39,2,1,1
BRDA:46,3,0,1
BRDA:46,3,1,7
BRDA:46,4,0,8
BRDA:46,4,1,7
BRDA:47,5,0,1
BRDA:47,5,1,6
BRDA:48,6,0,8
BRDA:48,6,1,1
BRDA:69,7,0,0
BRDA:69,7,1,0
BRDA:69,8,0,0
BRDA:69,8,1,0
BRDA:71,9,0,0
BRDA:71,9,1,0
BRF:20
BRH:14
end_of_record
TN:
SF:src/lib/import/csv-importer.ts
FN:31,wktToGeoJSON
FN:39,(anonymous_1)
FN:41,(anonymous_2)
FN:45,(anonymous_3)
FN:60,importStandsFromCsv
FN:110,(anonymous_5)
FN:150,(anonymous_6)
FN:153,(anonymous_7)
FNF:8
FNH:0
FNDA:0,wktToGeoJSON
FNDA:0,(anonymous_1)
FNDA:0,(anonymous_2)
FNDA:0,(anonymous_3)
FNDA:0,importStandsFromCsv
FNDA:0,(anonymous_5)
FNDA:0,(anonymous_6)
FNDA:0,(anonymous_7)
DA:32,0
DA:34,0
DA:35,0
DA:36,0
DA:38,0
DA:39,0
DA:40,0
DA:41,0
DA:42,0
DA:46,0
DA:47,0
DA:52,0
DA:54,0
DA:68,0
DA:69,0
DA:71,0
DA:73,0
DA:74,0
DA:75,0
DA:79,0
DA:90,0
DA:91,0
DA:93,0
DA:96,0
DA:105,0
DA:106,0
DA:110,0
DA:111,0
DA:112,0
DA:113,0
DA:115,0
DA:142,0
DA:146,0
DA:147,0
DA:150,0
DA:153,0
DA:154,0
DA:160,0
DA:161,0
DA:165,0
DA:166,0
DA:167,0
DA:179,0
DA:181,0
DA:182,0
DA:183,0
DA:185,0
DA:187,0
DA:188,0
DA:190,0
DA:194,0
DA:196,0
DA:209,0
DA:210,0
DA:211,0
DA:212,0
DA:213,0
DA:217,0
DA:218,0
DA:220,0
DA:224,0
DA:228,0
DA:236,0
DA:249,0
DA:250,0
DA:251,0
DA:256,0
LF:67
LH:0
BRDA:32,0,0,0
BRDA:32,0,1,0
BRDA:32,1,0,0
BRDA:32,1,1,0
BRDA:36,2,0,0
BRDA:36,2,1,0
BRDA:74,3,0,0
BRDA:74,3,1,0
BRDA:90,4,0,0
BRDA:90,4,1,0
BRDA:90,5,0,0
BRDA:90,5,1,0
BRDA:105,6,0,0
BRDA:105,6,1,0
BRDA:112,7,0,0
BRDA:112,7,1,0
BRDA:112,8,0,0
BRDA:112,8,1,0
BRDA:146,9,0,0
BRDA:146,9,1,0
BRDA:160,10,0,0
BRDA:160,10,1,0
BRDA:166,11,0,0
BRDA:166,11,1,0
BRDA:183,12,0,0
BRDA:183,12,1,0
BRDA:185,13,0,0
BRDA:185,13,1,0
BRDA:188,14,0,0
BRDA:188,14,1,0
BRDA:190,15,0,0
BRDA:190,15,1,0
BRDA:194,16,0,0
BRDA:194,16,1,0
BRDA:194,17,0,0
BRDA:194,17,1,0
BRDA:217,18,0,0
BRDA:217,18,1,0
BRDA:224,19,0,0
BRDA:224,19,1,0
BRDA:249,20,0,0
BRDA:249,20,1,0
BRF:42
BRH:0
end_of_record
TN:
SF:src/lib/import/csv-parser.ts
FN:163,resolveField
FN:168,parseNum
FN:180,resolveFieldSuffix
FN:194,splitSpeciesHeader
FN:209,isSpeciesFieldSuffix
FN:214,resolveSpeciesPrefix
FN:223,translateValue
FN:257,detectSpeciesColumns
FN:266,(anonymous_8)
FN:299,parseForestDataCsv
FN:306,(anonymous_10)
FN:385,(anonymous_11)
FNF:12
FNH:11
FNDA:0,resolveField
FNDA:678,parseNum
FNDA:40,resolveFieldSuffix
FNDA:42,splitSpeciesHeader
FNDA:49,isSpeciesFieldSuffix
FNDA:84,resolveSpeciesPrefix
FNDA:108,translateValue
FNDA:24,detectSpeciesColumns
FNDA:75,(anonymous_8)
FNDA:25,parseForestDataCsv
FNDA:254,(anonymous_10)
FNDA:40,(anonymous_11)
DA:10,1
DA:27,1
DA:40,1
DA:52,1
DA:58,1
DA:71,1
DA:84,1
DA:94,1
DA:112,1
DA:164,0
DA:169,678
DA:170,79
DA:171,79
DA:181,40
DA:183,8
DA:184,0
DA:195,42
DA:197,42
DA:198,49
DA:199,49
DA:200,44
DA:201,44
DA:202,44
DA:205,2
DA:210,49
DA:216,84
DA:218,18
DA:219,4
DA:224,108
DA:225,12
DA:227,3
DA:229,3
DA:231,3
DA:233,3
DA:235,0
DA:258,24
DA:259,24
DA:266,24
DA:267,75
DA:269,24
DA:270,125
DA:273,125
DA:274,75
DA:275,42
DA:278,42
DA:279,42
DA:281,40
DA:282,40
DA:284,40
DA:286,40
DA:289,24
DA:301,25
DA:306,254
DA:309,25
DA:310,0
DA:311,0
DA:316,25
DA:317,25
DA:319,25
DA:320,1
DA:324,24
DA:327,24
DA:328,24
DA:329,40
DA:333,24
DA:334,24
DA:335,24
DA:337,24
DA:338,28
DA:339,28
DA:340,28
DA:343,27
DA:344,28
DA:345,28
DA:349,28
DA:353,28
DA:357,28
DA:361,28
DA:363,28
DA:365,28
DA:366,28
DA:367,28
DA:370,28
DA:371,28
DA:372,28
DA:373,28
DA:374,28
DA:375,28
DA:376,28
DA:377,28
DA:378,28
DA:381,28
DA:382,28
DA:385,28
DA:386,40
DA:387,40
DA:389,40
DA:390,40
DA:391,24
DA:392,24
DA:394,40
DA:398,28
DA:399,28
DA:400,24
DA:401,24
DA:404,24
DA:406,6
DA:407,6
DA:408,6
DA:409,6
DA:410,6
DA:411,4
DA:412,4
DA:415,6
DA:418,22
DA:420,22
DA:434,27
DA:458,27
DA:459,27
DA:462,28
LF:120
LH:115
BRDA:164,0,0,0
BRDA:164,0,1,0
BRDA:169,1,0,599
BRDA:169,1,1,79
BRDA:169,2,0,678
BRDA:169,2,1,514
BRDA:169,2,2,79
BRDA:171,3,0,0
BRDA:171,3,1,79
BRDA:181,4,0,32
BRDA:181,4,1,8
BRDA:183,5,0,8
BRDA:183,5,1,0
BRDA:199,6,0,44
BRDA:199,6,1,5
BRDA:202,7,0,40
BRDA:202,7,1,4
BRDA:210,8,0,49
BRDA:210,8,1,13
BRDA:216,9,0,66
BRDA:216,9,1,18
BRDA:218,10,0,14
BRDA:218,10,1,4
BRDA:224,11,0,96
BRDA:224,11,1,12
BRDA:225,12,0,12
BRDA:225,12,1,3
BRDA:225,12,2,3
BRDA:225,12,3,3
BRDA:225,12,4,0
BRDA:227,13,0,3
BRDA:227,13,1,1
BRDA:229,14,0,3
BRDA:229,14,1,1
BRDA:231,15,0,3
BRDA:231,15,1,1
BRDA:233,16,0,3
BRDA:233,16,1,3
BRDA:267,17,0,75
BRDA:267,17,1,42
BRDA:267,18,0,42
BRDA:267,18,1,42
BRDA:273,19,0,50
BRDA:273,19,1,75
BRDA:274,20,0,33
BRDA:274,20,1,42
BRDA:275,21,0,0
BRDA:275,21,1,42
BRDA:279,22,0,2
BRDA:279,22,1,40
BRDA:282,23,0,0
BRDA:282,23,1,40
BRDA:309,24,0,0
BRDA:309,24,1,25
BRDA:316,25,0,25
BRDA:316,25,1,0
BRDA:319,26,0,1
BRDA:319,26,1,24
BRDA:339,27,0,28
BRDA:339,27,1,0
BRDA:340,28,0,1
BRDA:340,28,1,27
BRDA:343,29,0,27
BRDA:343,29,1,24
BRDA:343,30,0,27
BRDA:343,30,1,25
BRDA:344,31,0,28
BRDA:344,31,1,26
BRDA:344,31,2,25
BRDA:347,32,0,28
BRDA:347,32,1,26
BRDA:347,32,2,24
BRDA:351,33,0,28
BRDA:351,33,1,26
BRDA:351,33,2,24
BRDA:355,34,0,28
BRDA:355,34,1,26
BRDA:355,34,2,24
BRDA:359,35,0,28
BRDA:359,35,1,26
BRDA:359,35,2,24
BRDA:361,36,0,28
BRDA:361,36,1,26
BRDA:361,36,2,25
BRDA:363,37,0,28
BRDA:363,37,1,26
BRDA:365,38,0,28
BRDA:365,38,1,24
BRDA:366,39,0,28
BRDA:366,39,1,25
BRDA:367,40,0,28
BRDA:367,40,1,25
BRDA:370,41,0,28
BRDA:370,41,1,25
BRDA:371,42,0,28
BRDA:371,42,1,25
BRDA:372,43,0,28
BRDA:372,43,1,26
BRDA:373,44,0,28
BRDA:373,44,1,26
BRDA:374,45,0,28
BRDA:374,45,1,26
BRDA:375,46,0,28
BRDA:375,46,1,26
BRDA:387,47,0,0
BRDA:387,47,1,40
BRDA:390,48,0,24
BRDA:390,48,1,16
BRDA:401,49,0,24
BRDA:401,49,1,4
BRDA:404,50,0,6
BRDA:404,50,1,18
BRDA:404,51,0,24
BRDA:404,51,1,18
BRDA:410,52,0,4
BRDA:410,52,1,2
BRDA:410,53,0,6
BRDA:410,53,1,4
BRDA:410,53,2,4
BRDA:415,54,0,2
BRDA:415,54,1,4
BRDA:422,55,0,22
BRDA:422,55,1,15
BRDA:422,55,2,15
BRDA:423,56,0,24
BRDA:423,56,1,18
BRDA:423,56,2,18
BRDA:424,57,0,24
BRDA:424,57,1,21
BRDA:424,57,2,21
BRDA:425,58,0,24
BRDA:425,58,1,21
BRDA:425,58,2,21
BRDA:426,59,0,24
BRDA:426,59,1,21
BRDA:426,59,2,21
BRDA:427,60,0,24
BRDA:427,60,1,18
BRDA:427,60,2,18
BRDA:428,61,0,24
BRDA:428,61,1,21
BRDA:430,62,0,24
BRDA:430,62,1,21
BRDA:459,63,0,27
BRDA:459,63,1,15
BRF:145
BRH:134
end_of_record
TN:
SF:src/lib/import/mml-client.ts
FN:21,normalizePropertyId
FN:30,fetchPropertyBoundary
FN:67,(anonymous_2)
FN:89,reproject3067to4326
FN:92,(anonymous_4)
FN:93,(anonymous_5)
FN:104,(anonymous_6)
FNF:7
FNH:0
FNDA:0,normalizePropertyId
FNDA:0,fetchPropertyBoundary
FNDA:0,(anonymous_2)
FNDA:0,reproject3067to4326
FNDA:0,(anonymous_4)
FNDA:0,(anonymous_5)
FNDA:0,(anonymous_6)
DA:5,1
DA:8,1
DA:9,1
DA:22,0
DA:34,0
DA:35,0
DA:37,0
DA:38,0
DA:40,0
DA:47,0
DA:48,0
DA:49,0
DA:53,0
DA:58,0
DA:60,0
DA:61,0
DA:64,0
DA:67,0
DA:68,0
DA:71,0
DA:76,0
DA:92,0
DA:93,0
DA:95,0
DA:96,0
DA:102,0
DA:105,0
LF:27
LH:3
BRDA:47,0,0,0
BRDA:47,0,1,0
BRDA:48,1,0,0
BRDA:48,1,1,0
BRDA:60,2,0,0
BRDA:60,2,1,0
BRDA:60,3,0,0
BRDA:60,3,1,0
BRDA:95,4,0,0
BRDA:95,4,1,0
BRF:10
BRH:0
end_of_record
TN:
SF:src/lib/import/spatial-service.ts
FN:24,filterStandsWithinProperty
FN:65,(anonymous_1)
FN:86,(anonymous_2)
FN:91,(anonymous_3)
FN:93,(anonymous_4)
FN:119,(anonymous_5)
FN:143,(anonymous_6)
FNF:7
FNH:0
FNDA:0,filterStandsWithinProperty
FNDA:0,(anonymous_1)
FNDA:0,(anonymous_2)
FNDA:0,(anonymous_3)
FNDA:0,(anonymous_4)
FNDA:0,(anonymous_5)
FNDA:0,(anonymous_6)
DA:7,0
DA:30,0
DA:31,0
DA:32,0
DA:34,0
DA:35,0
DA:39,0
DA:40,0
DA:41,0
DA:44,0
DA:45,0
DA:50,0
DA:51,0
DA:53,0
DA:56,0
DA:62,0
DA:64,0
DA:65,0
DA:66,0
DA:67,0
DA:68,0
DA:70,0
DA:71,0
DA:72,0
DA:73,0
DA:76,0
DA:78,0
DA:85,0
DA:86,0
DA:87,0
DA:88,0
DA:89,0
DA:91,0
DA:92,0
DA:94,0
DA:101,0
DA:102,0
DA:104,0
DA:108,0
DA:112,0
DA:115,0
DA:116,0
DA:119,0
DA:120,0
DA:121,0
DA:142,0
DA:143,0
DA:144,0
DA:145,0
DA:146,0
DA:147,0
DA:150,0
DA:154,0
DA:155,0
DA:158,0
DA:160,0
DA:161,0
DA:163,0
DA:164,0
LF:59
LH:0
BRDA:40,0,0,0
BRDA:40,0,1,0
BRDA:50,1,0,0
BRDA:50,1,1,0
BRDA:68,2,0,0
BRDA:68,2,1,0
BRDA:71,3,0,0
BRDA:71,3,1,0
BRDA:85,4,0,0
BRDA:85,4,1,0
BRDA:89,5,0,0
BRDA:89,5,1,0
BRDA:89,6,0,0
BRDA:89,6,1,0
BRDA:102,7,0,0
BRDA:102,7,1,0
BRDA:104,8,0,0
BRDA:104,8,1,0
BRDA:104,9,0,0
BRDA:104,9,1,0
BRDA:110,10,0,0
BRDA:110,10,1,0
BRDA:145,11,0,0
BRDA:145,11,1,0
BRDA:154,12,0,0
BRDA:154,12,1,0
BRDA:160,13,0,0
BRDA:160,13,1,0
BRDA:160,14,0,0
BRDA:160,14,1,0
BRF:30
BRH:0
end_of_record
TN:
SF:src/lib/import/wfs-client.ts
FN:19,bbox4326to3067
FN:48,bboxFromGeometry
FN:71,toMultiPolygon
FN:81,fetchStandsByBbox
FN:108,(anonymous_4)
FN:115,(anonymous_5)
FNF:6
FNH:1
FNDA:0,bbox4326to3067
FNDA:2,bboxFromGeometry
FNDA:0,toMultiPolygon
FNDA:0,fetchStandsByBbox
FNDA:0,(anonymous_4)
FNDA:0,(anonymous_5)
DA:13,1
DA:22,0
DA:23,0
DA:24,0
DA:45,1
DA:51,2
DA:52,2
DA:53,2
DA:54,2
DA:56,2
DA:59,2
DA:60,3
DA:61,15
DA:62,15
DA:63,15
DA:64,15
DA:67,2
DA:74,0
DA:75,0
DA:85,0
DA:87,0
DA:88,0
DA:89,0
DA:90,0
DA:91,0
DA:92,0
DA:93,0
DA:97,0
DA:98,0
DA:100,0
DA:104,0
DA:105,0
DA:108,0
DA:112,0
DA:113,0
DA:115,0
DA:116,0
DA:117,0
DA:118,0
LF:39
LH:14
BRDA:56,0,0,1
BRDA:56,0,1,1
BRDA:61,1,0,2
BRDA:61,1,1,13
BRDA:62,2,0,2
BRDA:62,2,1,13
BRDA:63,3,0,6
BRDA:63,3,1,9
BRDA:64,4,0,6
BRDA:64,4,1,9
BRDA:74,5,0,0
BRDA:74,5,1,0
BRDA:83,6,0,0
BRDA:104,7,0,0
BRDA:104,7,1,0
BRDA:113,8,0,0
BRDA:113,8,1,0
BRDA:116,9,0,0
BRDA:116,9,1,0
BRDA:119,10,0,0
BRDA:119,10,1,0
BRDA:120,11,0,0
BRDA:120,11,1,0
BRDA:121,12,0,0
BRDA:121,12,1,0
BRDA:122,13,0,0
BRDA:122,13,1,0
BRDA:128,14,0,0
BRDA:128,14,1,0
BRDA:129,15,0,0
BRDA:129,15,1,0
BRDA:130,16,0,0
BRDA:130,16,1,0
BRDA:131,17,0,0
BRDA:131,17,1,0
BRDA:132,18,0,0
BRDA:132,18,1,0
BRDA:133,19,0,0
BRDA:133,19,1,0
BRDA:134,20,0,0
BRDA:134,20,1,0
BRF:41
BRH:10
end_of_record
TN:
SF:src/lib/map/geojson.ts
FN:20,isEPSG3067
FN:44,reprojectMultiPolygon3067to4326
FN:47,(anonymous_2)
FN:48,(anonymous_3)
FN:49,(anonymous_4)
FN:61,stripCRS
FN:70,compartmentsToGeoJSON
FN:74,(anonymous_7)
FN:75,(anonymous_8)
FN:120,fitBoundsToFeatures
FNF:10
FNH:10
FNDA:7,isEPSG3067
FNDA:1,reprojectMultiPolygon3067to4326
FNDA:1,(anonymous_2)
FNDA:1,(anonymous_3)
FNDA:5,(anonymous_4)
FNDA:7,stripCRS
FNDA:8,compartmentsToGeoJSON
FNDA:10,(anonymous_7)
FNDA:7,(anonymous_8)
FNDA:3,fitBoundsToFeatures
DA:11,1
DA:12,1
DA:21,7
DA:24,7
DA:30,1
DA:31,1
DA:33,1
DA:35,1
DA:37,1
DA:47,1
DA:48,1
DA:49,1
DA:50,5
DA:51,5
DA:62,7
DA:73,8
DA:74,10
DA:76,7
DA:82,7
DA:83,1
DA:84,1
DA:85,1
DA:88,7
DA:90,7
DA:109,8
DA:124,3
DA:126,2
DA:128,2
DA:129,3
DA:132,3
DA:133,3
DA:138,3
DA:144,3
DA:145,3
DA:146,3
DA:147,15
DA:148,15
DA:154,2
DA:156,2
LF:39
LH:39
BRDA:24,0,0,6
BRDA:24,0,1,1
BRDA:31,1,0,0
BRDA:31,1,1,1
BRDA:35,2,0,0
BRDA:35,2,1,1
BRDA:35,3,0,1
BRDA:35,3,1,0
BRDA:82,4,0,1
BRDA:82,4,1,6
BRDA:84,5,0,1
BRDA:84,5,1,0
BRDA:84,6,0,1
BRDA:84,6,1,1
BRDA:124,7,0,1
BRDA:124,7,1,2
BRDA:124,8,0,3
BRDA:124,8,1,3
BRDA:129,9,0,0
BRDA:129,9,1,3
BRDA:133,10,0,0
BRDA:133,10,1,3
BRDA:138,11,0,3
BRDA:138,11,1,0
BRDA:140,12,0,0
BRDA:140,12,1,0
BRDA:140,13,0,0
BRDA:140,13,1,0
BRDA:145,14,0,0
BRDA:145,14,1,3
BRDA:147,15,0,15
BRDA:147,15,1,0
BRDA:147,16,0,15
BRDA:147,16,1,15
BRDA:154,17,0,0
BRDA:154,17,1,2
BRF:36
BRH:22
end_of_record
TN:
SF:src/lib/map/styles.ts
FN:55,getStandColor
FNF:1
FNH:1
FNDA:5,getStandColor
DA:9,1
DA:24,1
DA:37,1
DA:56,5
DA:57,1
DA:60,4
DA:61,0
DA:64,4
DA:65,4
LF:9
LH:8
BRDA:56,0,0,1
BRDA:56,0,1,4
BRDA:60,1,0,0
BRDA:60,1,1,4
BRDA:65,2,0,4
BRDA:65,2,1,1
BRF:6
BRH:5
end_of_record
TN:
SF:src/lib/repos/chart-tabs.ts
FN:7,getChartTabs
FN:17,upsertChartTab
FN:41,deleteChartTab
FN:53,deleteAllChartTabs
FN:58,mapRowToChartTab
FNF:5
FNH:0
FNDA:0,getChartTabs
FNDA:0,upsertChartTab
FNDA:0,deleteChartTab
FNDA:0,deleteAllChartTabs
FNDA:0,mapRowToChartTab
DA:8,0
DA:9,0
DA:14,0
DA:21,0
DA:22,0
DA:45,0
DA:46,0
DA:54,0
DA:55,0
DA:59,0
LF:10
LH:0
BRDA:14,0,0,0
BRDA:14,0,1,0
BRDA:34,1,0,0
BRDA:34,1,1,0
BRDA:35,2,0,0
BRDA:35,2,1,0
BRDA:63,3,0,0
BRDA:63,3,1,0
BRDA:64,4,0,0
BRDA:64,4,1,0
BRDA:66,5,0,0
BRDA:66,5,1,0
BRDA:67,6,0,0
BRDA:67,6,1,0
BRDA:68,7,0,0
BRDA:68,7,1,0
BRDA:69,8,0,0
BRDA:69,8,1,0
BRDA:70,9,0,0
BRDA:70,9,1,0
BRDA:71,10,0,0
BRDA:71,10,1,0
BRF:22
BRH:0
end_of_record
TN:
SF:src/lib/repos/chat-messages.ts
FN:4,getMessagesBySession
FN:18,addMessage
FNF:2
FNH:0
FNDA:0,getMessagesBySession
FNDA:0,addMessage
DA:7,0
DA:8,0
DA:14,0
DA:15,0
DA:25,0
DA:26,0
DA:37,0
DA:38,0
LF:8
LH:0
BRDA:14,0,0,0
BRDA:14,0,1,0
BRDA:15,1,0,0
BRDA:15,1,1,0
BRDA:32,2,0,0
BRDA:32,2,1,0
BRDA:32,3,0,0
BRDA:32,3,1,0
BRDA:37,4,0,0
BRDA:37,4,1,0
BRF:10
BRH:0
end_of_record
TN:
SF:src/lib/repos/chat-sessions.ts
FN:4,getOrCreateSession
FN:40,getSessionById
FN:58,createSession
FN:80,updateSessionModel
FNF:4
FNH:0
FNDA:0,getOrCreateSession
FNDA:0,getSessionById
FNDA:0,createSession
FNDA:0,updateSessionModel
DA:9,0
DA:12,0
DA:21,0
DA:22,0
DA:26,0
DA:36,0
DA:37,0
DA:43,0
DA:44,0
DA:50,0
DA:51,0
DA:52,0
DA:54,0
DA:64,0
DA:65,0
DA:75,0
DA:76,0
DA:84,0
DA:85,0
DA:89,0
LF:20
LH:0
BRDA:21,0,0,0
BRDA:21,0,1,0
BRDA:31,1,0,0
BRDA:31,1,1,0
BRDA:36,2,0,0
BRDA:36,2,1,0
BRDA:50,3,0,0
BRDA:50,3,1,0
BRDA:51,4,0,0
BRDA:51,4,1,0
BRDA:70,5,0,0
BRDA:70,5,1,0
BRDA:71,6,0,0
BRDA:71,6,1,0
BRDA:75,7,0,0
BRDA:75,7,1,0
BRDA:89,8,0,0
BRDA:89,8,1,0
BRF:18
BRH:0
end_of_record
TN:
SF:src/lib/repos/compartments.ts
FN:4,getCompartmentsByForest
FN:21,getCompartmentById
FNF:2
FNH:0
FNDA:0,getCompartmentsByForest
FNDA:0,getCompartmentById
DA:7,0
DA:8,0
DA:14,0
DA:15,0
DA:18,0
DA:24,0
DA:25,0
DA:31,0
DA:32,0
DA:33,0
DA:36,0
LF:11
LH:0
BRDA:14,0,0,0
BRDA:14,0,1,0
BRDA:18,1,0,0
BRDA:18,1,1,0
BRDA:31,2,0,0
BRDA:31,2,1,0
BRDA:32,3,0,0
BRDA:32,3,1,0
BRF:8
BRH:0
end_of_record
TN:
SF:src/lib/repos/forests.ts
FN:4,getForestById
FN:20,getForestsByOwner
FN:34,deleteForestById
FNF:3
FNH:1
FNDA:0,getForestById
FNDA:0,getForestsByOwner
FNDA:2,deleteForestById
DA:5,0
DA:6,0
DA:12,0
DA:13,0
DA:14,0
DA:17,0
DA:21,0
DA:22,0
DA:27,0
DA:28,0
DA:31,0
DA:37,2
DA:42,2
DA:43,2
DA:45,1
DA:52,0
DA:53,0
DA:57,0
DA:59,0
DA:60,0
DA:63,0
LF:21
LH:4
BRDA:12,0,0,0
BRDA:12,0,1,0
BRDA:13,1,0,0
BRDA:13,1,1,0
BRDA:27,2,0,0
BRDA:27,2,1,0
BRDA:31,3,0,0
BRDA:31,3,1,0
BRDA:43,4,0,1
BRDA:43,4,1,1
BRDA:52,5,0,0
BRDA:52,5,1,0
BRDA:59,6,0,0
BRDA:59,6,1,0
BRF:14
BRH:2
end_of_record
TN:
SF:src/lib/repos/operations.ts
FN:4,getOperationsByForest
FN:22,getOperationsByYear
FNF:2
FNH:0
FNDA:0,getOperationsByForest
FNDA:0,getOperationsByYear
DA:7,0
DA:8,0
DA:15,0
DA:16,0
DA:19,0
DA:26,0
DA:27,0
DA:33,0
DA:34,0
DA:37,0
LF:10
LH:0
BRDA:15,0,0,0
BRDA:15,0,1,0
BRDA:19,1,0,0
BRDA:19,1,1,0
BRDA:33,2,0,0
BRDA:33,2,1,0
BRDA:37,3,0,0
BRDA:37,3,1,0
BRF:8
BRH:0
end_of_record
TN:
SF:src/lib/repos/plan-metadata.ts
FN:4,getPlanMetadataByForest
FNF:1
FNH:0
FNDA:0,getPlanMetadataByForest
DA:7,0
DA:8,0
DA:16,0
DA:17,0
DA:18,0
DA:21,0
LF:6
LH:0
BRDA:16,0,0,0
BRDA:16,0,1,0
BRDA:17,1,0,0
BRDA:17,1,1,0
BRF:4
BRH:0
end_of_record
TN:
SF:src/lib/store/chat-slice.ts
FN:42,(anonymous_0)
FN:45,(anonymous_1)
FN:46,(anonymous_2)
FN:48,(anonymous_3)
FN:50,(anonymous_4)
FN:52,(anonymous_5)
FN:53,(anonymous_6)
FN:55,(anonymous_7)
FN:57,(anonymous_8)
FN:59,(anonymous_9)
FN:61,(anonymous_10)
FN:63,(anonymous_11)
FN:64,(anonymous_12)
FN:66,(anonymous_13)
FN:68,(anonymous_14)
FNF:15
FNH:1
FNDA:4,(anonymous_0)
FNDA:0,(anonymous_1)
FNDA:0,(anonymous_2)
FNDA:0,(anonymous_3)
FNDA:0,(anonymous_4)
FNDA:0,(anonymous_5)
FNDA:0,(anonymous_6)
FNDA:0,(anonymous_7)
FNDA:0,(anonymous_8)
FNDA:0,(anonymous_9)
FNDA:0,(anonymous_10)
FNDA:0,(anonymous_11)
FNDA:0,(anonymous_12)
FNDA:0,(anonymous_13)
FNDA:0,(anonymous_14)
DA:31,4
DA:42,4
DA:46,0
DA:48,0
DA:50,0
DA:53,0
DA:55,0
DA:57,0
DA:59,0
DA:61,0
DA:64,0
DA:66,0
DA:68,0
LF:13
LH:2
BRF:0
BRH:0
end_of_record
TN:
SF:src/lib/store/forest-slice.ts
FN:46,(anonymous_0)
FN:49,(anonymous_1)
FN:51,(anonymous_2)
FN:53,(anonymous_3)
FN:55,(anonymous_4)
FN:57,(anonymous_5)
FN:59,(anonymous_6)
FN:66,(anonymous_7)
FN:68,(anonymous_8)
FN:70,(anonymous_9)
FN:71,(anonymous_10)
FNF:11
FNH:4
FNDA:4,(anonymous_0)
FNDA:0,(anonymous_1)
FNDA:17,(anonymous_2)
FNDA:10,(anonymous_3)
FNDA:17,(anonymous_4)
FNDA:0,(anonymous_5)
FNDA:0,(anonymous_6)
FNDA:0,(anonymous_7)
FNDA:0,(anonymous_8)
FNDA:0,(anonymous_9)
FNDA:0,(anonymous_10)
DA:34,4
DA:46,4
DA:49,0
DA:51,17
DA:53,10
DA:55,17
DA:57,0
DA:60,0
DA:66,0
DA:68,0
DA:71,0
LF:11
LH:5
BRDA:61,0,0,0
BRDA:61,0,1,0
BRF:2
BRH:0
end_of_record
TN:
SF:src/lib/store/index.ts
FN:10,(anonymous_0)
FNF:1
FNH:1
FNDA:4,(anonymous_0)
DA:10,4
LF:1
LH:1
BRF:0
BRH:0
end_of_record
TN:
SF:src/lib/store/map-slice.ts
FN:23,(anonymous_0)
FN:26,(anonymous_1)
FN:28,(anonymous_2)
FN:30,(anonymous_3)
FN:33,(anonymous_4)
FN:34,(anonymous_5)
FNF:6
FNH:4
FNDA:11,(anonymous_0)
FNDA:1,(anonymous_1)
FNDA:3,(anonymous_2)
FNDA:3,(anonymous_3)
FNDA:0,(anonymous_4)
FNDA:0,(anonymous_5)
DA:23,11
DA:26,1
DA:28,3
DA:30,3
DA:33,0
DA:35,0
DA:36,0
DA:37,0
LF:8
LH:4
BRDA:36,0,0,0
BRDA:36,0,1,0
BRF:2
BRH:0
end_of_record
TN:
SF:src/lib/store/tab-slice.ts
FN:18,(anonymous_0)
FN:20,(anonymous_1)
FN:23,(anonymous_2)
FN:26,(anonymous_3)
FNF:4
FNH:2
FNDA:4,(anonymous_0)
FNDA:5,(anonymous_1)
FNDA:0,(anonymous_2)
FNDA:0,(anonymous_3)
DA:18,4
DA:20,5
DA:23,0
DA:26,0
LF:4
LH:2
BRF:0
BRH:0
end_of_record
TN:
SF:src/lib/store/visualization-slice.ts
FN:53,persistActiveTab
FN:65,restoreActiveTab
FN:73,(anonymous_2)
FN:80,(anonymous_3)
FN:81,(anonymous_4)
FN:82,(anonymous_5)
FN:96,(anonymous_6)
FN:97,(anonymous_7)
FN:98,(anonymous_8)
FN:108,(anonymous_9)
FN:111,(anonymous_10)
FN:113,(anonymous_11)
FN:118,(anonymous_12)
FN:123,(anonymous_13)
FN:126,(anonymous_14)
FN:129,(anonymous_15)
FNF:16
FNH:13
FNDA:0,persistActiveTab
FNDA:0,restoreActiveTab
FNDA:19,(anonymous_2)
FNDA:15,(anonymous_3)
FNDA:15,(anonymous_4)
FNDA:8,(anonymous_5)
FNDA:4,(anonymous_6)
FNDA:4,(anonymous_7)
FNDA:8,(anonymous_8)
FNDA:1,(anonymous_9)
FNDA:0,(anonymous_10)
FNDA:2,(anonymous_11)
FNDA:2,(anonymous_12)
FNDA:3,(anonymous_13)
FNDA:12,(anonymous_14)
FNDA:3,(anonymous_15)
DA:54,0
DA:55,0
DA:56,0
DA:58,0
DA:66,0
DA:67,0
DA:69,0
DA:73,5
DA:76,19
DA:81,15
DA:82,15
DA:83,15
DA:85,15
DA:93,15
DA:97,4
DA:98,8
DA:100,4
DA:105,4
DA:109,1
DA:111,0
DA:114,2
DA:118,2
DA:123,3
DA:126,12
DA:129,3
LF:25
LH:17
BRDA:55,0,0,0
BRDA:55,0,1,0
BRDA:85,1,0,1
BRDA:85,1,1,14
BRDA:93,2,0,14
BRDA:93,2,1,1
BRDA:100,3,0,2
BRDA:100,3,1,2
BRDA:101,4,0,1
BRDA:101,4,1,1
BRF:10
BRH:8
end_of_record
TN:
SF:src/lib/supabase/admin.ts
FN:5,createAdminClient
FNF:1
FNH:0
FNDA:0,createAdminClient
DA:6,0
LF:1
LH:0
BRF:0
BRH:0
end_of_record
TN:
SF:src/lib/supabase/client.ts
FN:3,createClient
FNF:1
FNH:1
FNDA:3,createClient
DA:4,3
LF:1
LH:1
BRF:0
BRH:0
end_of_record
TN:
SF:src/lib/supabase/server.ts
FN:4,createServerSupabase
FN:12,getAll
FN:15,setAll
FN:16,(anonymous_3)
FNF:4
FNH:0
FNDA:0,createServerSupabase
FNDA:0,getAll
FNDA:0,setAll
FNDA:0,(anonymous_3)
DA:5,0
DA:7,0
DA:13,0
DA:16,0
DA:17,0
LF:5
LH:0
BRF:0
BRH:0
end_of_record
TN:
SF:src/lib/sync/compartments-sync.ts
FN:5,toDexieCompartment
FN:21,cacheCompartments
FN:28,getCachedCompartments
FNF:3
FNH:0
FNDA:0,toDexieCompartment
FNDA:0,cacheCompartments
FNDA:0,getCachedCompartments
DA:6,0
DA:24,0
DA:25,0
DA:29,0
LF:4
LH:0
BRF:0
BRH:0
end_of_record
TN:
SF:src/lib/sync/operations-sync.ts
FN:4,toDexieOperation
FN:17,cacheOperations
FN:24,getCachedOperations
FNF:3
FNH:0
FNDA:0,toDexieOperation
FNDA:0,cacheOperations
FNDA:0,getCachedOperations
DA:5,0
DA:20,0
DA:21,0
DA:25,0
LF:4
LH:0
BRF:0
BRH:0
end_of_record
